[0.203s] colcon DEBUG Command line arguments: ['/Users/riftka221/.local/share/mamba/envs/ros_env/bin/colcon', 'build', '--packages-select', 'turtle_tracker', '--cmake-args', '-DPython_EXECUTABLE=/Users/riftka221/.local/share/mamba/envs/ros_env/bin/python3', '-DPython3_EXECUTABLE=/Users/riftka221/.local/share/mamba/envs/ros_env/bin/python3']
[0.203s] colcon DEBUG Parsed command line arguments: Namespace(log_base=None, log_level=None, verb_name='build', build_base='build', install_base='install', merge_install=False, symlink_install=False, test_result_base=None, continue_on_error=False, executor='parallel', parallel_workers=8, event_handlers=None, ignore_user_meta=False, metas=['./colcon.meta'], base_paths=['.'], packages_ignore=None, packages_ignore_regex=None, paths=None, packages_up_to=None, packages_up_to_regex=None, packages_above=None, packages_above_and_dependencies=None, packages_above_depth=None, packages_select_by_dep=None, packages_skip_by_dep=None, packages_skip_up_to=None, packages_select_build_failed=False, packages_skip_build_finished=False, packages_select_test_failures=False, packages_skip_test_passed=False, packages_select=['turtle_tracker'], packages_skip=None, packages_select_regex=None, packages_skip_regex=None, packages_start=None, packages_end=None, cmake_args=['-DPython_EXECUTABLE=/Users/riftka221/.local/share/mamba/envs/ros_env/bin/python3', '-DPython3_EXECUTABLE=/Users/riftka221/.local/share/mamba/envs/ros_env/bin/python3'], cmake_target=None, cmake_target_skip_unavailable=False, cmake_clean_cache=False, cmake_clean_first=False, cmake_force_configure=False, ament_cmake_args=None, catkin_cmake_args=None, catkin_skip_building_tests=False, verb_parser=<colcon_defaults.argument_parser.defaults.DefaultArgumentsDecorator object at 0x10173e350>, verb_extension=<colcon_core.verb.build.BuildVerb object at 0x10173dc50>, main=<bound method BuildVerb.main of <colcon_core.verb.build.BuildVerb object at 0x10173dc50>>)
[0.248s] colcon.colcon_core.package_discovery Level 1 discover_packages(colcon_meta) check parameters
[0.248s] colcon.colcon_core.package_discovery Level 1 discover_packages(recursive) check parameters
[0.248s] colcon.colcon_core.package_discovery Level 1 discover_packages(ignore) check parameters
[0.248s] colcon.colcon_core.package_discovery Level 1 discover_packages(path) check parameters
[0.249s] colcon.colcon_core.package_discovery Level 1 discover_packages(colcon_meta) discover
[0.249s] colcon.colcon_core.package_discovery Level 1 discover_packages(recursive) discover
[0.249s] colcon.colcon_core.package_discovery INFO Crawling recursively for packages in '/Users/riftka221/code/upv/EOII/proyROS'
[0.249s] colcon.colcon_core.package_identification Level 1 _identify(.) by extensions ['ignore', 'ignore_ament_install']
[0.249s] colcon.colcon_core.package_identification Level 1 _identify(.) by extension 'ignore'
[0.249s] colcon.colcon_core.package_identification Level 1 _identify(.) by extension 'ignore_ament_install'
[0.249s] colcon.colcon_core.package_identification Level 1 _identify(.) by extensions ['colcon_pkg']
[0.249s] colcon.colcon_core.package_identification Level 1 _identify(.) by extension 'colcon_pkg'
[0.249s] colcon.colcon_core.package_identification Level 1 _identify(.) by extensions ['colcon_meta']
[0.249s] colcon.colcon_core.package_identification Level 1 _identify(.) by extension 'colcon_meta'
[0.249s] colcon.colcon_core.package_identification Level 1 _identify(.) by extensions ['ros']
[0.249s] colcon.colcon_core.package_identification Level 1 _identify(.) by extension 'ros'
[0.275s] colcon.colcon_core.package_identification Level 1 _identify(.) by extensions ['cmake', 'python']
[0.275s] colcon.colcon_core.package_identification Level 1 _identify(.) by extension 'cmake'
[0.275s] colcon.colcon_core.package_identification Level 1 _identify(.) by extension 'python'
[0.275s] colcon.colcon_core.package_identification Level 1 _identify(.) by extensions ['python_setup_py']
[0.275s] colcon.colcon_core.package_identification Level 1 _identify(.) by extension 'python_setup_py'
[0.275s] colcon.colcon_core.package_identification Level 1 _identify(build) by extensions ['ignore', 'ignore_ament_install']
[0.275s] colcon.colcon_core.package_identification Level 1 _identify(build) by extension 'ignore'
[0.275s] colcon.colcon_core.package_identification Level 1 _identify(build) ignored
[0.275s] colcon.colcon_core.package_identification Level 1 _identify(install) by extensions ['ignore', 'ignore_ament_install']
[0.275s] colcon.colcon_core.package_identification Level 1 _identify(install) by extension 'ignore'
[0.275s] colcon.colcon_core.package_identification Level 1 _identify(install) ignored
[0.275s] colcon.colcon_core.package_identification Level 1 _identify(log) by extensions ['ignore', 'ignore_ament_install']
[0.275s] colcon.colcon_core.package_identification Level 1 _identify(log) by extension 'ignore'
[0.275s] colcon.colcon_core.package_identification Level 1 _identify(log) ignored
[0.275s] colcon.colcon_core.package_identification Level 1 _identify(src) by extensions ['ignore', 'ignore_ament_install']
[0.275s] colcon.colcon_core.package_identification Level 1 _identify(src) by extension 'ignore'
[0.275s] colcon.colcon_core.package_identification Level 1 _identify(src) by extension 'ignore_ament_install'
[0.275s] colcon.colcon_core.package_identification Level 1 _identify(src) by extensions ['colcon_pkg']
[0.275s] colcon.colcon_core.package_identification Level 1 _identify(src) by extension 'colcon_pkg'
[0.275s] colcon.colcon_core.package_identification Level 1 _identify(src) by extensions ['colcon_meta']
[0.275s] colcon.colcon_core.package_identification Level 1 _identify(src) by extension 'colcon_meta'
[0.275s] colcon.colcon_core.package_identification Level 1 _identify(src) by extensions ['ros']
[0.275s] colcon.colcon_core.package_identification Level 1 _identify(src) by extension 'ros'
[0.275s] colcon.colcon_core.package_identification Level 1 _identify(src) by extensions ['cmake', 'python']
[0.275s] colcon.colcon_core.package_identification Level 1 _identify(src) by extension 'cmake'
[0.275s] colcon.colcon_core.package_identification Level 1 _identify(src) by extension 'python'
[0.275s] colcon.colcon_core.package_identification Level 1 _identify(src) by extensions ['python_setup_py']
[0.276s] colcon.colcon_core.package_identification Level 1 _identify(src) by extension 'python_setup_py'
[0.276s] colcon.colcon_core.package_identification Level 1 _identify(src/turtle_tracker) by extensions ['ignore', 'ignore_ament_install']
[0.276s] colcon.colcon_core.package_identification Level 1 _identify(src/turtle_tracker) by extension 'ignore'
[0.276s] colcon.colcon_core.package_identification Level 1 _identify(src/turtle_tracker) by extension 'ignore_ament_install'
[0.276s] colcon.colcon_core.package_identification Level 1 _identify(src/turtle_tracker) by extensions ['colcon_pkg']
[0.276s] colcon.colcon_core.package_identification Level 1 _identify(src/turtle_tracker) by extension 'colcon_pkg'
[0.276s] colcon.colcon_core.package_identification Level 1 _identify(src/turtle_tracker) by extensions ['colcon_meta']
[0.276s] colcon.colcon_core.package_identification Level 1 _identify(src/turtle_tracker) by extension 'colcon_meta'
[0.276s] colcon.colcon_core.package_identification Level 1 _identify(src/turtle_tracker) by extensions ['ros']
[0.276s] colcon.colcon_core.package_identification Level 1 _identify(src/turtle_tracker) by extension 'ros'
[0.279s] colcon.colcon_core.package_identification DEBUG Package 'src/turtle_tracker' with type 'ros.ament_cmake' and name 'turtle_tracker'
[0.279s] colcon.colcon_core.package_discovery Level 1 discover_packages(recursive) using defaults
[0.279s] colcon.colcon_core.package_discovery Level 1 discover_packages(ignore) discover
[0.279s] colcon.colcon_core.package_discovery Level 1 discover_packages(ignore) using defaults
[0.279s] colcon.colcon_core.package_discovery Level 1 discover_packages(path) discover
[0.279s] colcon.colcon_core.package_discovery Level 1 discover_packages(path) using defaults
[0.297s] colcon.colcon_core.verb Level 5 set package 'turtle_tracker' build argument 'cmake_args' from command line to '['-DPython_EXECUTABLE=/Users/riftka221/.local/share/mamba/envs/ros_env/bin/python3', '-DPython3_EXECUTABLE=/Users/riftka221/.local/share/mamba/envs/ros_env/bin/python3']'
[0.298s] colcon.colcon_core.verb Level 5 set package 'turtle_tracker' build argument 'cmake_target' from command line to 'None'
[0.298s] colcon.colcon_core.verb Level 5 set package 'turtle_tracker' build argument 'cmake_target_skip_unavailable' from command line to 'False'
[0.298s] colcon.colcon_core.verb Level 5 set package 'turtle_tracker' build argument 'cmake_clean_cache' from command line to 'False'
[0.298s] colcon.colcon_core.verb Level 5 set package 'turtle_tracker' build argument 'cmake_clean_first' from command line to 'False'
[0.298s] colcon.colcon_core.verb Level 5 set package 'turtle_tracker' build argument 'cmake_force_configure' from command line to 'False'
[0.298s] colcon.colcon_core.verb Level 5 set package 'turtle_tracker' build argument 'ament_cmake_args' from command line to 'None'
[0.298s] colcon.colcon_core.verb Level 5 set package 'turtle_tracker' build argument 'catkin_cmake_args' from command line to 'None'
[0.298s] colcon.colcon_core.verb Level 5 set package 'turtle_tracker' build argument 'catkin_skip_building_tests' from command line to 'False'
[0.298s] colcon.colcon_core.verb DEBUG Building package 'turtle_tracker' with the following arguments: {'ament_cmake_args': None, 'build_base': '/Users/riftka221/code/upv/EOII/proyROS/build/turtle_tracker', 'catkin_cmake_args': None, 'catkin_skip_building_tests': False, 'cmake_args': ['-DPython_EXECUTABLE=/Users/riftka221/.local/share/mamba/envs/ros_env/bin/python3', '-DPython3_EXECUTABLE=/Users/riftka221/.local/share/mamba/envs/ros_env/bin/python3'], 'cmake_clean_cache': False, 'cmake_clean_first': False, 'cmake_force_configure': False, 'cmake_target': None, 'cmake_target_skip_unavailable': False, 'install_base': '/Users/riftka221/code/upv/EOII/proyROS/install/turtle_tracker', 'merge_install': False, 'path': '/Users/riftka221/code/upv/EOII/proyROS/src/turtle_tracker', 'symlink_install': False, 'test_result_base': None}
[0.298s] colcon.colcon_core.executor INFO Executing jobs using 'parallel' executor
[0.307s] colcon.colcon_parallel_executor.executor.parallel DEBUG run_until_complete
[0.307s] colcon.colcon_ros.task.ament_cmake.build INFO Building ROS package in '/Users/riftka221/code/upv/EOII/proyROS/src/turtle_tracker' with build type 'ament_cmake'
[0.311s] colcon.colcon_cmake.task.cmake.build INFO Building CMake package in '/Users/riftka221/code/upv/EOII/proyROS/src/turtle_tracker'
[0.377s] colcon.colcon_core.plugin_system INFO Skipping extension 'colcon_core.shell.bat': Not used on non-Windows systems
[0.385s] colcon.colcon_core.shell INFO Skip shell extension 'powershell' for command environment: Not usable outside of PowerShell
[0.385s] colcon.colcon_core.shell DEBUG Skip shell extension 'dsv' for command environment
[0.474s] colcon.colcon_core.event_handler.log_command DEBUG Invoking command in '/Users/riftka221/code/upv/EOII/proyROS/build/turtle_tracker': CONDA_PROMPT_MODIFIER=(ros_env) SHLVL=2 _=/Users/riftka221/.local/share/mamba/envs/ros_env/bin/env /Users/riftka221/.local/share/mamba/envs/ros_env/bin/cmake /Users/riftka221/code/upv/EOII/proyROS/src/turtle_tracker -DPython_EXECUTABLE=/Users/riftka221/.local/share/mamba/envs/ros_env/bin/python3 -DPython3_EXECUTABLE=/Users/riftka221/.local/share/mamba/envs/ros_env/bin/python3 -DCMAKE_INSTALL_PREFIX=/Users/riftka221/code/upv/EOII/proyROS/install/turtle_tracker
[5.364s] colcon.colcon_core.event_handler.log_command DEBUG Invoked command in '/Users/riftka221/code/upv/EOII/proyROS/build/turtle_tracker' returned '0': CONDA_PROMPT_MODIFIER=(ros_env) SHLVL=2 _=/Users/riftka221/.local/share/mamba/envs/ros_env/bin/env /Users/riftka221/.local/share/mamba/envs/ros_env/bin/cmake /Users/riftka221/code/upv/EOII/proyROS/src/turtle_tracker -DPython_EXECUTABLE=/Users/riftka221/.local/share/mamba/envs/ros_env/bin/python3 -DPython3_EXECUTABLE=/Users/riftka221/.local/share/mamba/envs/ros_env/bin/python3 -DCMAKE_INSTALL_PREFIX=/Users/riftka221/code/upv/EOII/proyROS/install/turtle_tracker
[5.366s] colcon.colcon_core.event_handler.log_command DEBUG Invoking command in '/Users/riftka221/code/upv/EOII/proyROS/build/turtle_tracker': CONDA_PROMPT_MODIFIER=(ros_env) SHLVL=2 _=/Users/riftka221/.local/share/mamba/envs/ros_env/bin/env /Users/riftka221/.local/share/mamba/envs/ros_env/bin/cmake --build /Users/riftka221/code/upv/EOII/proyROS/build/turtle_tracker -- -j8 -l8
[10.050s] colcon.colcon_core.event_handler.log_command DEBUG Invoked command in '/Users/riftka221/code/upv/EOII/proyROS/build/turtle_tracker' returned '0': CONDA_PROMPT_MODIFIER=(ros_env) SHLVL=2 _=/Users/riftka221/.local/share/mamba/envs/ros_env/bin/env /Users/riftka221/.local/share/mamba/envs/ros_env/bin/cmake --build /Users/riftka221/code/upv/EOII/proyROS/build/turtle_tracker -- -j8 -l8
[10.072s] colcon.colcon_core.event_handler.log_command DEBUG Invoking command in '/Users/riftka221/code/upv/EOII/proyROS/build/turtle_tracker': CONDA_PROMPT_MODIFIER=(ros_env) SHLVL=2 _=/Users/riftka221/.local/share/mamba/envs/ros_env/bin/env /Users/riftka221/.local/share/mamba/envs/ros_env/bin/cmake --install /Users/riftka221/code/upv/EOII/proyROS/build/turtle_tracker
[10.389s] colcon.colcon_core.environment Level 1 create_environment_scripts_only(turtle_tracker)
[10.390s] colcon.colcon_core.event_handler.log_command DEBUG Invoked command in '/Users/riftka221/code/upv/EOII/proyROS/build/turtle_tracker' returned '0': CONDA_PROMPT_MODIFIER=(ros_env) SHLVL=2 _=/Users/riftka221/.local/share/mamba/envs/ros_env/bin/env /Users/riftka221/.local/share/mamba/envs/ros_env/bin/cmake --install /Users/riftka221/code/upv/EOII/proyROS/build/turtle_tracker
[10.399s] colcon.colcon_core.environment Level 1 checking '/Users/riftka221/code/upv/EOII/proyROS/install/turtle_tracker' for CMake module files
[10.400s] colcon.colcon_core.environment Level 1 checking '/Users/riftka221/code/upv/EOII/proyROS/install/turtle_tracker' for CMake config files
[10.401s] colcon.colcon_core.shell Level 1 create_environment_hook('turtle_tracker', 'cmake_prefix_path')
[10.401s] colcon.colcon_core.shell INFO Creating environment hook '/Users/riftka221/code/upv/EOII/proyROS/install/turtle_tracker/share/turtle_tracker/hook/cmake_prefix_path.ps1'
[10.402s] colcon.colcon_core.shell INFO Creating environment descriptor '/Users/riftka221/code/upv/EOII/proyROS/install/turtle_tracker/share/turtle_tracker/hook/cmake_prefix_path.dsv'
[10.403s] colcon.colcon_core.shell INFO Creating environment hook '/Users/riftka221/code/upv/EOII/proyROS/install/turtle_tracker/share/turtle_tracker/hook/cmake_prefix_path.sh'
[10.403s] colcon.colcon_core.environment Level 1 checking '/Users/riftka221/code/upv/EOII/proyROS/install/turtle_tracker/lib'
[10.404s] colcon.colcon_core.shell Level 1 create_environment_hook('turtle_tracker', 'dyld_library_path')
[10.404s] colcon.colcon_core.shell INFO Creating environment hook '/Users/riftka221/code/upv/EOII/proyROS/install/turtle_tracker/share/turtle_tracker/hook/dyld_library_path.ps1'
[10.404s] colcon.colcon_core.shell INFO Creating environment descriptor '/Users/riftka221/code/upv/EOII/proyROS/install/turtle_tracker/share/turtle_tracker/hook/dyld_library_path.dsv'
[10.404s] colcon.colcon_core.shell INFO Creating environment hook '/Users/riftka221/code/upv/EOII/proyROS/install/turtle_tracker/share/turtle_tracker/hook/dyld_library_path.sh'
[10.405s] colcon.colcon_core.environment Level 1 checking '/Users/riftka221/code/upv/EOII/proyROS/install/turtle_tracker/bin'
[10.405s] colcon.colcon_core.environment Level 1 checking '/Users/riftka221/code/upv/EOII/proyROS/install/turtle_tracker/lib/pkgconfig/turtle_tracker.pc'
[10.405s] colcon.colcon_core.environment Level 1 checking '/Users/riftka221/code/upv/EOII/proyROS/install/turtle_tracker/lib/python3.11/site-packages'
[10.405s] colcon.colcon_core.shell Level 1 create_environment_hook('turtle_tracker', 'pythonpath')
[10.405s] colcon.colcon_core.shell INFO Creating environment hook '/Users/riftka221/code/upv/EOII/proyROS/install/turtle_tracker/share/turtle_tracker/hook/pythonpath.ps1'
[10.406s] colcon.colcon_core.shell INFO Creating environment descriptor '/Users/riftka221/code/upv/EOII/proyROS/install/turtle_tracker/share/turtle_tracker/hook/pythonpath.dsv'
[10.406s] colcon.colcon_core.shell INFO Creating environment hook '/Users/riftka221/code/upv/EOII/proyROS/install/turtle_tracker/share/turtle_tracker/hook/pythonpath.sh'
[10.406s] colcon.colcon_core.environment Level 1 checking '/Users/riftka221/code/upv/EOII/proyROS/install/turtle_tracker/bin'
[10.406s] colcon.colcon_core.shell INFO Creating package script '/Users/riftka221/code/upv/EOII/proyROS/install/turtle_tracker/share/turtle_tracker/package.ps1'
[10.407s] colcon.colcon_core.shell INFO Creating package descriptor '/Users/riftka221/code/upv/EOII/proyROS/install/turtle_tracker/share/turtle_tracker/package.dsv'
[10.408s] colcon.colcon_core.shell INFO Creating package script '/Users/riftka221/code/upv/EOII/proyROS/install/turtle_tracker/share/turtle_tracker/package.sh'
[10.409s] colcon.colcon_core.shell INFO Creating package script '/Users/riftka221/code/upv/EOII/proyROS/install/turtle_tracker/share/turtle_tracker/package.bash'
[10.409s] colcon.colcon_core.shell INFO Creating package script '/Users/riftka221/code/upv/EOII/proyROS/install/turtle_tracker/share/turtle_tracker/package.zsh'
[10.410s] colcon.colcon_core.environment Level 1 create_file_with_runtime_dependencies(/Users/riftka221/code/upv/EOII/proyROS/install/turtle_tracker/share/colcon-core/packages/turtle_tracker)
[10.411s] colcon.colcon_core.environment Level 1 create_environment_scripts_only(turtle_tracker)
[10.411s] colcon.colcon_core.environment Level 1 checking '/Users/riftka221/code/upv/EOII/proyROS/install/turtle_tracker' for CMake module files
[10.412s] colcon.colcon_core.environment Level 1 checking '/Users/riftka221/code/upv/EOII/proyROS/install/turtle_tracker' for CMake config files
[10.414s] colcon.colcon_core.shell Level 1 create_environment_hook('turtle_tracker', 'cmake_prefix_path')
[10.415s] colcon.colcon_core.shell INFO Creating environment hook '/Users/riftka221/code/upv/EOII/proyROS/install/turtle_tracker/share/turtle_tracker/hook/cmake_prefix_path.ps1'
[10.416s] colcon.colcon_core.shell INFO Creating environment descriptor '/Users/riftka221/code/upv/EOII/proyROS/install/turtle_tracker/share/turtle_tracker/hook/cmake_prefix_path.dsv'
[10.416s] colcon.colcon_core.shell INFO Creating environment hook '/Users/riftka221/code/upv/EOII/proyROS/install/turtle_tracker/share/turtle_tracker/hook/cmake_prefix_path.sh'
[10.417s] colcon.colcon_core.environment Level 1 checking '/Users/riftka221/code/upv/EOII/proyROS/install/turtle_tracker/lib'
[10.417s] colcon.colcon_core.shell Level 1 create_environment_hook('turtle_tracker', 'dyld_library_path')
[10.418s] colcon.colcon_core.shell INFO Creating environment hook '/Users/riftka221/code/upv/EOII/proyROS/install/turtle_tracker/share/turtle_tracker/hook/dyld_library_path.ps1'
[10.418s] colcon.colcon_core.shell INFO Creating environment descriptor '/Users/riftka221/code/upv/EOII/proyROS/install/turtle_tracker/share/turtle_tracker/hook/dyld_library_path.dsv'
[10.418s] colcon.colcon_core.shell INFO Creating environment hook '/Users/riftka221/code/upv/EOII/proyROS/install/turtle_tracker/share/turtle_tracker/hook/dyld_library_path.sh'
[10.419s] colcon.colcon_core.environment Level 1 checking '/Users/riftka221/code/upv/EOII/proyROS/install/turtle_tracker/bin'
[10.419s] colcon.colcon_core.environment Level 1 checking '/Users/riftka221/code/upv/EOII/proyROS/install/turtle_tracker/lib/pkgconfig/turtle_tracker.pc'
[10.419s] colcon.colcon_core.environment Level 1 checking '/Users/riftka221/code/upv/EOII/proyROS/install/turtle_tracker/lib/python3.11/site-packages'
[10.419s] colcon.colcon_core.shell Level 1 create_environment_hook('turtle_tracker', 'pythonpath')
[10.419s] colcon.colcon_core.shell INFO Creating environment hook '/Users/riftka221/code/upv/EOII/proyROS/install/turtle_tracker/share/turtle_tracker/hook/pythonpath.ps1'
[10.419s] colcon.colcon_core.shell INFO Creating environment descriptor '/Users/riftka221/code/upv/EOII/proyROS/install/turtle_tracker/share/turtle_tracker/hook/pythonpath.dsv'
[10.421s] colcon.colcon_core.shell INFO Creating environment hook '/Users/riftka221/code/upv/EOII/proyROS/install/turtle_tracker/share/turtle_tracker/hook/pythonpath.sh'
[10.421s] colcon.colcon_core.environment Level 1 checking '/Users/riftka221/code/upv/EOII/proyROS/install/turtle_tracker/bin'
[10.422s] colcon.colcon_core.shell INFO Creating package script '/Users/riftka221/code/upv/EOII/proyROS/install/turtle_tracker/share/turtle_tracker/package.ps1'
[10.422s] colcon.colcon_core.shell INFO Creating package descriptor '/Users/riftka221/code/upv/EOII/proyROS/install/turtle_tracker/share/turtle_tracker/package.dsv'
[10.422s] colcon.colcon_core.shell INFO Creating package script '/Users/riftka221/code/upv/EOII/proyROS/install/turtle_tracker/share/turtle_tracker/package.sh'
[10.423s] colcon.colcon_core.shell INFO Creating package script '/Users/riftka221/code/upv/EOII/proyROS/install/turtle_tracker/share/turtle_tracker/package.bash'
[10.424s] colcon.colcon_core.shell INFO Creating package script '/Users/riftka221/code/upv/EOII/proyROS/install/turtle_tracker/share/turtle_tracker/package.zsh'
[10.424s] colcon.colcon_core.environment Level 1 create_file_with_runtime_dependencies(/Users/riftka221/code/upv/EOII/proyROS/install/turtle_tracker/share/colcon-core/packages/turtle_tracker)
[10.424s] colcon.colcon_parallel_executor.executor.parallel DEBUG closing loop
[10.425s] colcon.colcon_parallel_executor.executor.parallel DEBUG loop closed
[10.425s] colcon.colcon_parallel_executor.executor.parallel DEBUG run_until_complete finished with '0'
[10.425s] colcon.colcon_core.event_reactor DEBUG joining thread
[10.425s] colcon.colcon_core.event_reactor DEBUG joined thread
[10.426s] colcon.colcon_core.shell INFO Creating prefix script '/Users/riftka221/code/upv/EOII/proyROS/install/local_setup.ps1'
[10.426s] colcon.colcon_core.shell INFO Creating prefix util module '/Users/riftka221/code/upv/EOII/proyROS/install/_local_setup_util_ps1.py'
[10.429s] colcon.colcon_core.shell INFO Creating prefix chain script '/Users/riftka221/code/upv/EOII/proyROS/install/setup.ps1'
[10.431s] colcon.colcon_core.shell INFO Creating prefix script '/Users/riftka221/code/upv/EOII/proyROS/install/local_setup.sh'
[10.432s] colcon.colcon_core.shell INFO Creating prefix util module '/Users/riftka221/code/upv/EOII/proyROS/install/_local_setup_util_sh.py'
[10.433s] colcon.colcon_core.shell INFO Creating prefix chain script '/Users/riftka221/code/upv/EOII/proyROS/install/setup.sh'
[10.437s] colcon.colcon_core.shell INFO Creating prefix script '/Users/riftka221/code/upv/EOII/proyROS/install/local_setup.bash'
[10.439s] colcon.colcon_core.shell INFO Creating prefix chain script '/Users/riftka221/code/upv/EOII/proyROS/install/setup.bash'
[10.444s] colcon.colcon_core.shell INFO Creating prefix script '/Users/riftka221/code/upv/EOII/proyROS/install/local_setup.zsh'
[10.444s] colcon.colcon_core.shell INFO Creating prefix chain script '/Users/riftka221/code/upv/EOII/proyROS/install/setup.zsh'
