-- The C compiler identification is Clang 19.1.7
-- The CXX compiler identification is Clang 19.1.7
-- Detecting C compiler ABI info
-- Detecting C compiler ABI info - done
-- Check for working C compiler: /Users/riftka221/.local/share/mamba/envs/ros_env/bin/arm64-apple-darwin20.0.0-clang - skipped
-- Detecting C compile features
-- Detecting C compile features - done
-- Detecting CXX compiler ABI info
-- Detecting CXX compiler ABI info - done
-- Check for working CXX compiler: /Users/riftka221/.local/share/mamba/envs/ros_env/bin/arm64-apple-darwin20.0.0-clang++ - skipped
-- Detecting CXX compile features
-- Detecting CXX compile features - done
-- Found ament_cmake: 1.3.12 (/Users/riftka221/.local/share/mamba/envs/ros_env/share/ament_cmake/cmake)
-- Found Python3: /Users/riftka221/.local/share/mamba/envs/ros_env/bin/python3 (found version "3.11.14") found components: Interpreter
-- Found rosidl_default_generators: 1.2.0 (/Users/riftka221/.local/share/mamba/envs/ros_env/share/rosidl_default_generators/cmake)
-- Using all available rosidl_typesupport_c: rosidl_typesupport_fastrtps_c;rosidl_typesupport_introspection_c
-- Found rosidl_adapter: 3.1.6 (/Users/riftka221/.local/share/mamba/envs/ros_env/share/rosidl_adapter/cmake)
-- Using all available rosidl_typesupport_cpp: rosidl_typesupport_fastrtps_cpp;rosidl_typesupport_introspection_cpp
-- Found ament_cmake_ros: 0.10.0 (/Users/riftka221/.local/share/mamba/envs/ros_env/share/ament_cmake_ros/cmake)
-- Using all available rosidl_typesupport_c: rosidl_typesupport_fastrtps_c;rosidl_typesupport_introspection_c
-- Using all available rosidl_typesupport_cpp: rosidl_typesupport_fastrtps_cpp;rosidl_typesupport_introspection_cpp
-- Found python_cmake_module: 0.10.0 (/Users/riftka221/.local/share/mamba/envs/ros_env/share/python_cmake_module/cmake)
-- Found PythonInterp: /Users/riftka221/.local/share/mamba/envs/ros_env/bin/python3 (found suitable version "3.11.14", minimum required is "3.6")
-- Using PythonExtra_INCLUDE_DIRS: /Users/riftka221/.local/share/mamba/envs/ros_env/include/python3.11;/Users/riftka221/.local/share/mamba/envs/ros_env/include/python3.11
-- Using PythonExtra_LIBRARIES: /Users/riftka221/.local/share/mamba/envs/ros_env/lib/libpython3.11.dylib
-- Found PythonExtra: .so
-- Found Python: /Users/riftka221/.local/share/mamba/envs/ros_env/bin/python3 (found version "3.11.14") found components: Interpreter Development NumPy Development.Module Development.Embed
-- Configuring incomplete, errors occurred!
