[0.031s] Invoking command in '/Users/riftka221/code/upv/EOII/proyROS/src/turtle_tracker/build/turtle_tracker': CONDA_PROMPT_MODIFIER=(ros_env) SHLVL=2 _=/Users/riftka221/.local/share/mamba/envs/ros_env/bin/env /Users/riftka221/.local/share/mamba/envs/ros_env/bin/cmake /Users/riftka221/code/upv/EOII/proyROS/src/turtle_tracker -DPython_EXECUTABLE=/Users/riftka221/.local/share/mamba/envs/ros_env/bin/python3 -DPython_INCLUDE_DIRS=/Users/riftka221/.local/share/mamba/envs/ros_env/include/python3.11 -DPython_LIBRARY=/Users/riftka221/.local/share/mamba/envs/ros_env/lib/libpython3.11.dylib -DPython_NumPy_INCLUDE_DIRS=/Users/riftka221/.local/share/mamba/envs/ros_env/lib/python3.11/site-packages/numpy/_core/include -DPython3_EXECUTABLE=/Users/riftka221/.local/share/mamba/envs/ros_env/bin/python3 -DPython3_INCLUDE_DIR=/Users/riftka221/.local/share/mamba/envs/ros_env/include/python3.11 -DPython3_LIBRARY=/Users/riftka221/.local/share/mamba/envs/ros_env/lib/libpython3.11.dylib -DCATKIN_INSTALL_INTO_PREFIX_ROOT=0 -DCATKIN_SYMLINK_INSTALL=ON -DCMAKE_INSTALL_PREFIX=/Users/riftka221/code/upv/EOII/proyROS/src/turtle_tracker/install/turtle_tracker
[0.103s] CMake Deprecation Warning at CMakeLists.txt:1 (cmake_minimum_required):
[0.103s]   Compatibility with CMake < 3.10 will be removed from a future version of
[0.103s]   CMake.
[0.103s] 
[0.103s]   Update the VERSION argument <min> value.  Or, use the <min>...<max> syntax
[0.103s]   to tell CMake that the project requires at least <min> but has been updated
[0.103s]   to work with policies introduced by <max> or earlier.
[0.103s] 
[0.103s] 
[0.628s] -- The C compiler identification is Clang 19.1.7
[0.915s] -- The CXX compiler identification is Clang 19.1.7
[0.980s] -- Detecting C compiler ABI info
[1.338s] -- Detecting C compiler ABI info - done
[1.347s] -- Check for working C compiler: /Users/riftka221/.local/share/mamba/envs/ros_env/bin/arm64-apple-darwin20.0.0-clang - skipped
[1.348s] -- Detecting C compile features
[1.348s] -- Detecting C compile features - done
[1.358s] -- Detecting CXX compiler ABI info
[1.608s] -- Detecting CXX compiler ABI info - done
[1.618s] -- Check for working CXX compiler: /Users/riftka221/.local/share/mamba/envs/ros_env/bin/arm64-apple-darwin20.0.0-clang++ - skipped
[1.618s] -- Detecting CXX compile features
[1.619s] -- Detecting CXX compile features - done
[1.672s] -- Found ament_cmake: 1.3.12 (/Users/riftka221/.local/share/mamba/envs/ros_env/share/ament_cmake/cmake)
[1.806s] -- Found Python3: /Users/riftka221/.local/share/mamba/envs/ros_env/bin/python3 (found version "3.11.14") found components: Interpreter
[2.039s] -- Found rosidl_default_generators: 1.2.0 (/Users/riftka221/.local/share/mamba/envs/ros_env/share/rosidl_default_generators/cmake)
[2.052s] -- Using all available rosidl_typesupport_c: rosidl_typesupport_fastrtps_c;rosidl_typesupport_introspection_c
[2.087s] -- Found rosidl_adapter: 3.1.6 (/Users/riftka221/.local/share/mamba/envs/ros_env/share/rosidl_adapter/cmake)
[2.232s] -- Using all available rosidl_typesupport_cpp: rosidl_typesupport_fastrtps_cpp;rosidl_typesupport_introspection_cpp
[2.796s] -- Found ament_cmake_ros: 0.10.0 (/Users/riftka221/.local/share/mamba/envs/ros_env/share/ament_cmake_ros/cmake)
[3.154s] -- Using all available rosidl_typesupport_c: rosidl_typesupport_fastrtps_c;rosidl_typesupport_introspection_c
[3.597s] -- Using all available rosidl_typesupport_cpp: rosidl_typesupport_fastrtps_cpp;rosidl_typesupport_introspection_cpp
[3.610s] -- Found python_cmake_module: 0.10.0 (/Users/riftka221/.local/share/mamba/envs/ros_env/share/python_cmake_module/cmake)
[3.611s] CMake Warning (dev) at /Users/riftka221/.local/share/mamba/envs/ros_env/share/python_cmake_module/cmake/Modules/FindPythonExtra.cmake:52 (find_package):
[3.611s]   Policy CMP0148 is not set: The FindPythonInterp and FindPythonLibs modules
[3.611s]   are removed.  Run "cmake --help-policy CMP0148" for policy details.  Use
[3.611s]   the cmake_policy command to set the policy and suppress this warning.
[3.611s] 
[3.611s] Call Stack (most recent call first):
[3.611s]   /Users/riftka221/.local/share/mamba/envs/ros_env/share/rosidl_generator_py/cmake/rosidl_generator_py_generate_interfaces.cmake:33 (find_package)
[3.611s]   /Users/riftka221/.local/share/mamba/envs/ros_env/share/ament_cmake_core/cmake/core/ament_execute_extensions.cmake:48 (include)
[3.611s]   /Users/riftka221/.local/share/mamba/envs/ros_env/share/rosidl_cmake/cmake/rosidl_generate_interfaces.cmake:286 (ament_execute_extensions)
[3.611s]   CMakeLists.txt:9 (rosidl_generate_interfaces)
[3.611s] This warning is for project developers.  Use -Wno-dev to suppress it.
[3.611s] 
[3.624s] -- Found PythonInterp: /Users/riftka221/.local/share/mamba/envs/ros_env/bin/python3 (found suitable version "3.11.14", minimum required is "3.6")
[3.644s] -- Using PythonExtra_INCLUDE_DIRS: /Users/riftka221/.local/share/mamba/envs/ros_env/include/python3.11;/Users/riftka221/.local/share/mamba/envs/ros_env/include/python3.11
[3.678s] -- Using PythonExtra_LIBRARIES: /Users/riftka221/.local/share/mamba/envs/ros_env/lib/libpython3.11.dylib
[3.695s] -- Found PythonExtra: .so
[3.968s] -- Found Python: /Users/riftka221/.local/share/mamba/envs/ros_env/bin/python3 (found version "3.11.14") found components: Interpreter Development NumPy Development.Module Development.Embed
[4.007s] CMake Error at /Users/riftka221/.local/share/mamba/envs/ros_env/share/ament_cmake_python/cmake/ament_python_install_package.cmake:122 (add_custom_target):
[4.007s]   add_custom_target cannot create target
[4.007s]   "ament_cmake_python_copy_turtle_tracker" because another target with the
[4.007s]   same name already exists.  The existing target is a custom target created
[4.007s]   in source directory
[4.007s]   "/Users/riftka221/code/upv/EOII/proyROS/src/turtle_tracker".  See
[4.007s]   documentation for policy CMP0002 for more details.
[4.007s] Call Stack (most recent call first):
[4.007s]   /Users/riftka221/.local/share/mamba/envs/ros_env/share/ament_cmake_python/cmake/ament_python_install_package.cmake:39 (_ament_cmake_python_install_package)
[4.007s]   CMakeLists.txt:15 (ament_python_install_package)
[4.007s] 
[4.007s] 
[4.007s] CMake Error at /Users/riftka221/.local/share/mamba/envs/ros_env/share/ament_cmake_python/cmake/ament_python_install_package.cmake:141 (add_custom_target):
[4.007s]   add_custom_target cannot create target
[4.007s]   "ament_cmake_python_build_turtle_tracker_egg" because another target with
[4.007s]   the same name already exists.  The existing target is a custom target
[4.007s]   created in source directory
[4.007s]   "/Users/riftka221/code/upv/EOII/proyROS/src/turtle_tracker".  See
[4.008s]   documentation for policy CMP0002 for more details.
[4.008s] Call Stack (most recent call first):
[4.008s]   /Users/riftka221/.local/share/mamba/envs/ros_env/share/ament_cmake_python/cmake/ament_python_install_package.cmake:39 (_ament_cmake_python_install_package)
[4.008s]   CMakeLists.txt:15 (ament_python_install_package)
[4.008s] 
[4.008s] 
[4.021s] -- Configuring incomplete, errors occurred!
[4.028s] Invoked command in '/Users/riftka221/code/upv/EOII/proyROS/src/turtle_tracker/build/turtle_tracker' returned '1': CONDA_PROMPT_MODIFIER=(ros_env) SHLVL=2 _=/Users/riftka221/.local/share/mamba/envs/ros_env/bin/env /Users/riftka221/.local/share/mamba/envs/ros_env/bin/cmake /Users/riftka221/code/upv/EOII/proyROS/src/turtle_tracker -DPython_EXECUTABLE=/Users/riftka221/.local/share/mamba/envs/ros_env/bin/python3 -DPython_INCLUDE_DIRS=/Users/riftka221/.local/share/mamba/envs/ros_env/include/python3.11 -DPython_LIBRARY=/Users/riftka221/.local/share/mamba/envs/ros_env/lib/libpython3.11.dylib -DPython_NumPy_INCLUDE_DIRS=/Users/riftka221/.local/share/mamba/envs/ros_env/lib/python3.11/site-packages/numpy/_core/include -DPython3_EXECUTABLE=/Users/riftka221/.local/share/mamba/envs/ros_env/bin/python3 -DPython3_INCLUDE_DIR=/Users/riftka221/.local/share/mamba/envs/ros_env/include/python3.11 -DPython3_LIBRARY=/Users/riftka221/.local/share/mamba/envs/ros_env/lib/libpython3.11.dylib -DCATKIN_INSTALL_INTO_PREFIX_ROOT=0 -DCATKIN_SYMLINK_INSTALL=ON -DCMAKE_INSTALL_PREFIX=/Users/riftka221/code/upv/EOII/proyROS/src/turtle_tracker/install/turtle_tracker
