CMake Deprecation Warning at CMakeLists.txt:1 (cmake_minimum_required):
  Compatibility with CMake < 3.10 will be removed from a future version of
  CMake.

  Update the VERSION argument <min> value.  Or, use the <min>...<max> syntax
  to tell CMake that the project requires at least <min> but has been updated
  to work with policies introduced by <max> or earlier.


-- The C compiler identification is Clang 19.1.7
-- The CXX compiler identification is Clang 19.1.7
-- Detecting C compiler ABI info
-- Detecting C compiler ABI info - done
-- Check for working C compiler: /Users/riftka221/.local/share/mamba/envs/ros_env/bin/arm64-apple-darwin20.0.0-clang - skipped
-- Detecting C compile features
-- Detecting C compile features - done
-- Detecting CXX compiler ABI info
-- Detecting CXX compiler ABI info - done
-- Check for working CXX compiler: /Users/riftka221/.local/share/mamba/envs/ros_env/bin/arm64-apple-darwin20.0.0-clang++ - skipped
-- Detecting CXX compile features
-- Detecting CXX compile features - done
-- Found ament_cmake: 1.3.12 (/Users/riftka221/.local/share/mamba/envs/ros_env/share/ament_cmake/cmake)
-- Found Python3: /Users/riftka221/.local/share/mamba/envs/ros_env/bin/python3 (found version "3.11.14") found components: Interpreter
-- Configuring done (1.9s)
-- Generating done (0.0s)
CMake Warning:
  Manually-specified variables were not used by the project:

    CATKIN_INSTALL_INTO_PREFIX_ROOT
    CATKIN_SYMLINK_INSTALL


-- Build files have been written to: /Users/riftka221/code/upv/EOII/proyROS/build/turtle_tracker
Built target ament_cmake_python_copy_turtle_tracker_setup
Built target ament_cmake_python_copy_turtle_tracker
running egg_info
creating turtle_tracker.egg-info
writing turtle_tracker.egg-info/PKG-INFO
writing dependency_links to turtle_tracker.egg-info/dependency_links.txt
writing top-level names to turtle_tracker.egg-info/top_level.txt
writing manifest file 'turtle_tracker.egg-info/SOURCES.txt'
reading manifest file 'turtle_tracker.egg-info/SOURCES.txt'
writing manifest file 'turtle_tracker.egg-info/SOURCES.txt'
Built target ament_cmake_python_build_turtle_tracker_egg
-- Install configuration: ""
-- Installing: /Users/riftka221/code/upv/EOII/proyROS/install/turtle_tracker/share/turtle_tracker/environment/pythonpath.sh
-- Installing: /Users/riftka221/code/upv/EOII/proyROS/install/turtle_tracker/share/turtle_tracker/environment/pythonpath.dsv
-- Installing: /Users/riftka221/code/upv/EOII/proyROS/install/turtle_tracker/lib/python3.11/site-packages/turtle_tracker-0.1.0-py3.11.egg-info
-- Installing: /Users/riftka221/code/upv/EOII/proyROS/install/turtle_tracker/lib/python3.11/site-packages/turtle_tracker-0.1.0-py3.11.egg-info/PKG-INFO
-- Installing: /Users/riftka221/code/upv/EOII/proyROS/install/turtle_tracker/lib/python3.11/site-packages/turtle_tracker-0.1.0-py3.11.egg-info/SOURCES.txt
-- Installing: /Users/riftka221/code/upv/EOII/proyROS/install/turtle_tracker/lib/python3.11/site-packages/turtle_tracker-0.1.0-py3.11.egg-info/top_level.txt
-- Installing: /Users/riftka221/code/upv/EOII/proyROS/install/turtle_tracker/lib/python3.11/site-packages/turtle_tracker-0.1.0-py3.11.egg-info/dependency_links.txt
-- Installing: /Users/riftka221/code/upv/EOII/proyROS/install/turtle_tracker/lib/python3.11/site-packages/turtle_tracker
-- Installing: /Users/riftka221/code/upv/EOII/proyROS/install/turtle_tracker/lib/python3.11/site-packages/turtle_tracker/turtle_info_action_client
-- Installing: /Users/riftka221/code/upv/EOII/proyROS/install/turtle_tracker/lib/python3.11/site-packages/turtle_tracker/spawn_explorer
-- Installing: /Users/riftka221/code/upv/EOII/proyROS/install/turtle_tracker/lib/python3.11/site-packages/turtle_tracker/state_server
-- Installing: /Users/riftka221/code/upv/EOII/proyROS/install/turtle_tracker/lib/python3.11/site-packages/turtle_tracker/spawn_explorer.py
-- Installing: /Users/riftka221/code/upv/EOII/proyROS/install/turtle_tracker/lib/python3.11/site-packages/turtle_tracker/turtle_info_client.py
-- Installing: /Users/riftka221/code/upv/EOII/proyROS/install/turtle_tracker/lib/python3.11/site-packages/turtle_tracker/__init__.py
-- Installing: /Users/riftka221/code/upv/EOII/proyROS/install/turtle_tracker/lib/python3.11/site-packages/turtle_tracker/state_server.py
-- Installing: /Users/riftka221/code/upv/EOII/proyROS/install/turtle_tracker/lib/python3.11/site-packages/turtle_tracker/explorer_follower.py
-- Installing: /Users/riftka221/code/upv/EOII/proyROS/install/turtle_tracker/lib/python3.11/site-packages/turtle_tracker/turtle_info_action_client.py
-- Installing: /Users/riftka221/code/upv/EOII/proyROS/install/turtle_tracker/lib/python3.11/site-packages/turtle_tracker/explorer_follower
-- Installing: /Users/riftka221/code/upv/EOII/proyROS/install/turtle_tracker/lib/python3.11/site-packages/turtle_tracker/turtle_info_client
Listing 'lib/python3.11/site-packages/turtle_tracker'...
Can't list 'lib/python3.11/site-packages/turtle_tracker'
-- Installing: /Users/riftka221/code/upv/EOII/proyROS/install/turtle_tracker/share/turtle_tracker/launch
-- Installing: /Users/riftka221/code/upv/EOII/proyROS/install/turtle_tracker/share/turtle_tracker/launch/turtle_tracker_launch.xml
-- Installing: /Users/riftka221/code/upv/EOII/proyROS/install/turtle_tracker/lib/turtle_tracker/spawn_explorer
-- Installing: /Users/riftka221/code/upv/EOII/proyROS/install/turtle_tracker/lib/turtle_tracker/explorer_follower
-- Installing: /Users/riftka221/code/upv/EOII/proyROS/install/turtle_tracker/lib/turtle_tracker/state_server
-- Installing: /Users/riftka221/code/upv/EOII/proyROS/install/turtle_tracker/lib/turtle_tracker/turtle_info_client
-- Installing: /Users/riftka221/code/upv/EOII/proyROS/install/turtle_tracker/lib/turtle_tracker/turtle_info_action_client
-- Installing: /Users/riftka221/code/upv/EOII/proyROS/install/turtle_tracker/share/ament_index/resource_index/package_run_dependencies/turtle_tracker
-- Installing: /Users/riftka221/code/upv/EOII/proyROS/install/turtle_tracker/share/ament_index/resource_index/parent_prefix_path/turtle_tracker
-- Installing: /Users/riftka221/code/upv/EOII/proyROS/install/turtle_tracker/share/turtle_tracker/environment/ament_prefix_path.sh
-- Installing: /Users/riftka221/code/upv/EOII/proyROS/install/turtle_tracker/share/turtle_tracker/environment/ament_prefix_path.dsv
-- Installing: /Users/riftka221/code/upv/EOII/proyROS/install/turtle_tracker/share/turtle_tracker/environment/path.sh
-- Installing: /Users/riftka221/code/upv/EOII/proyROS/install/turtle_tracker/share/turtle_tracker/environment/path.dsv
-- Installing: /Users/riftka221/code/upv/EOII/proyROS/install/turtle_tracker/share/turtle_tracker/local_setup.bash
-- Installing: /Users/riftka221/code/upv/EOII/proyROS/install/turtle_tracker/share/turtle_tracker/local_setup.sh
-- Installing: /Users/riftka221/code/upv/EOII/proyROS/install/turtle_tracker/share/turtle_tracker/local_setup.zsh
-- Installing: /Users/riftka221/code/upv/EOII/proyROS/install/turtle_tracker/share/turtle_tracker/local_setup.dsv
-- Installing: /Users/riftka221/code/upv/EOII/proyROS/install/turtle_tracker/share/turtle_tracker/package.dsv
-- Installing: /Users/riftka221/code/upv/EOII/proyROS/install/turtle_tracker/share/ament_index/resource_index/packages/turtle_tracker
-- Installing: /Users/riftka221/code/upv/EOII/proyROS/install/turtle_tracker/share/turtle_tracker/cmake/turtle_trackerConfig.cmake
-- Installing: /Users/riftka221/code/upv/EOII/proyROS/install/turtle_tracker/share/turtle_tracker/cmake/turtle_trackerConfig-version.cmake
-- Installing: /Users/riftka221/code/upv/EOII/proyROS/install/turtle_tracker/share/turtle_tracker/package.xml
