[0.031s] Invoking command in '/Users/riftka221/code/upv/EOII/proyROS/build/turtle_tracker': CONDA_PROMPT_MODIFIER=(ros_env) SHLVL=2 _=/Users/riftka221/.local/share/mamba/envs/ros_env/bin/env /Users/riftka221/.local/share/mamba/envs/ros_env/bin/cmake /Users/riftka221/code/upv/EOII/proyROS/src/turtle_tracker -DCATKIN_INSTALL_INTO_PREFIX_ROOT=0 -DCATKIN_SYMLINK_INSTALL=ON -DCMAKE_INSTALL_PREFIX=/Users/riftka221/code/upv/EOII/proyROS/install/turtle_tracker
[0.144s] CMake Deprecation Warning at CMakeLists.txt:1 (cmake_minimum_required):
[0.144s]   Compatibility with CMake < 3.10 will be removed from a future version of
[0.144s]   CMake.
[0.144s] 
[0.144s]   Update the VERSION argument <min> value.  Or, use the <min>...<max> syntax
[0.144s]   to tell CMake that the project requires at least <min> but has been updated
[0.144s]   to work with policies introduced by <max> or earlier.
[0.144s] 
[0.144s] 
[0.754s] -- The C compiler identification is Clang 19.1.7
[1.047s] -- The CXX compiler identification is Clang 19.1.7
[1.097s] -- Detecting C compiler ABI info
[1.321s] -- Detecting C compiler ABI info - done
[1.332s] -- Check for working C compiler: /Users/riftka221/.local/share/mamba/envs/ros_env/bin/arm64-apple-darwin20.0.0-clang - skipped
[1.333s] -- Detecting C compile features
[1.333s] -- Detecting C compile features - done
[1.344s] -- Detecting CXX compiler ABI info
[1.553s] -- Detecting CXX compiler ABI info - done
[1.561s] -- Check for working CXX compiler: /Users/riftka221/.local/share/mamba/envs/ros_env/bin/arm64-apple-darwin20.0.0-clang++ - skipped
[1.562s] -- Detecting CXX compile features
[1.562s] -- Detecting CXX compile features - done
[1.592s] -- Found ament_cmake: 1.3.12 (/Users/riftka221/.local/share/mamba/envs/ros_env/share/ament_cmake/cmake)
[1.715s] -- Found Python3: /Users/riftka221/.local/share/mamba/envs/ros_env/bin/python3 (found version "3.11.14") found components: Interpreter
[2.077s] -- Configuring done (1.9s)
[2.099s] -- Generating done (0.0s)
[2.099s] CMake Warning:
[2.099s]   Manually-specified variables were not used by the project:
[2.099s] 
[2.099s]     CATKIN_INSTALL_INTO_PREFIX_ROOT
[2.099s]     CATKIN_SYMLINK_INSTALL
[2.099s] 
[2.099s] 
[2.103s] -- Build files have been written to: /Users/riftka221/code/upv/EOII/proyROS/build/turtle_tracker
[2.107s] Invoked command in '/Users/riftka221/code/upv/EOII/proyROS/build/turtle_tracker' returned '0': CONDA_PROMPT_MODIFIER=(ros_env) SHLVL=2 _=/Users/riftka221/.local/share/mamba/envs/ros_env/bin/env /Users/riftka221/.local/share/mamba/envs/ros_env/bin/cmake /Users/riftka221/code/upv/EOII/proyROS/src/turtle_tracker -DCATKIN_INSTALL_INTO_PREFIX_ROOT=0 -DCATKIN_SYMLINK_INSTALL=ON -DCMAKE_INSTALL_PREFIX=/Users/riftka221/code/upv/EOII/proyROS/install/turtle_tracker
[2.109s] Invoking command in '/Users/riftka221/code/upv/EOII/proyROS/build/turtle_tracker': CONDA_PROMPT_MODIFIER=(ros_env) SHLVL=2 _=/Users/riftka221/.local/share/mamba/envs/ros_env/bin/env /Users/riftka221/.local/share/mamba/envs/ros_env/bin/cmake --build /Users/riftka221/code/upv/EOII/proyROS/build/turtle_tracker -- -j8 -l8
[2.223s] Built target ament_cmake_python_copy_turtle_tracker_setup
[2.225s] Built target ament_cmake_python_copy_turtle_tracker
[2.402s] running egg_info
[2.410s] creating turtle_tracker.egg-info
[2.410s] writing turtle_tracker.egg-info/PKG-INFO
[2.410s] writing dependency_links to turtle_tracker.egg-info/dependency_links.txt
[2.410s] writing top-level names to turtle_tracker.egg-info/top_level.txt
[2.410s] writing manifest file 'turtle_tracker.egg-info/SOURCES.txt'
[2.434s] reading manifest file 'turtle_tracker.egg-info/SOURCES.txt'
[2.435s] writing manifest file 'turtle_tracker.egg-info/SOURCES.txt'
[2.465s] Built target ament_cmake_python_build_turtle_tracker_egg
[2.479s] Invoked command in '/Users/riftka221/code/upv/EOII/proyROS/build/turtle_tracker' returned '0': CONDA_PROMPT_MODIFIER=(ros_env) SHLVL=2 _=/Users/riftka221/.local/share/mamba/envs/ros_env/bin/env /Users/riftka221/.local/share/mamba/envs/ros_env/bin/cmake --build /Users/riftka221/code/upv/EOII/proyROS/build/turtle_tracker -- -j8 -l8
[2.496s] Invoking command in '/Users/riftka221/code/upv/EOII/proyROS/build/turtle_tracker': CONDA_PROMPT_MODIFIER=(ros_env) SHLVL=2 _=/Users/riftka221/.local/share/mamba/envs/ros_env/bin/env /Users/riftka221/.local/share/mamba/envs/ros_env/bin/cmake --install /Users/riftka221/code/upv/EOII/proyROS/build/turtle_tracker
[2.509s] -- Install configuration: ""
[2.509s] -- Installing: /Users/riftka221/code/upv/EOII/proyROS/install/turtle_tracker/share/turtle_tracker/environment/pythonpath.sh
[2.509s] -- Installing: /Users/riftka221/code/upv/EOII/proyROS/install/turtle_tracker/share/turtle_tracker/environment/pythonpath.dsv
[2.509s] -- Installing: /Users/riftka221/code/upv/EOII/proyROS/install/turtle_tracker/lib/python3.11/site-packages/turtle_tracker-0.1.0-py3.11.egg-info
[2.510s] -- Installing: /Users/riftka221/code/upv/EOII/proyROS/install/turtle_tracker/lib/python3.11/site-packages/turtle_tracker-0.1.0-py3.11.egg-info/PKG-INFO
[2.510s] -- Installing: /Users/riftka221/code/upv/EOII/proyROS/install/turtle_tracker/lib/python3.11/site-packages/turtle_tracker-0.1.0-py3.11.egg-info/SOURCES.txt
[2.510s] -- Installing: /Users/riftka221/code/upv/EOII/proyROS/install/turtle_tracker/lib/python3.11/site-packages/turtle_tracker-0.1.0-py3.11.egg-info/top_level.txt
[2.510s] -- Installing: /Users/riftka221/code/upv/EOII/proyROS/install/turtle_tracker/lib/python3.11/site-packages/turtle_tracker-0.1.0-py3.11.egg-info/dependency_links.txt
[2.511s] -- Installing: /Users/riftka221/code/upv/EOII/proyROS/install/turtle_tracker/lib/python3.11/site-packages/turtle_tracker
[2.511s] -- Installing: /Users/riftka221/code/upv/EOII/proyROS/install/turtle_tracker/lib/python3.11/site-packages/turtle_tracker/turtle_info_action_client
[2.511s] -- Installing: /Users/riftka221/code/upv/EOII/proyROS/install/turtle_tracker/lib/python3.11/site-packages/turtle_tracker/spawn_explorer
[2.511s] -- Installing: /Users/riftka221/code/upv/EOII/proyROS/install/turtle_tracker/lib/python3.11/site-packages/turtle_tracker/state_server
[2.512s] -- Installing: /Users/riftka221/code/upv/EOII/proyROS/install/turtle_tracker/lib/python3.11/site-packages/turtle_tracker/spawn_explorer.py
[2.512s] -- Installing: /Users/riftka221/code/upv/EOII/proyROS/install/turtle_tracker/lib/python3.11/site-packages/turtle_tracker/turtle_info_client.py
[2.512s] -- Installing: /Users/riftka221/code/upv/EOII/proyROS/install/turtle_tracker/lib/python3.11/site-packages/turtle_tracker/__init__.py
[2.513s] -- Installing: /Users/riftka221/code/upv/EOII/proyROS/install/turtle_tracker/lib/python3.11/site-packages/turtle_tracker/state_server.py
[2.513s] -- Installing: /Users/riftka221/code/upv/EOII/proyROS/install/turtle_tracker/lib/python3.11/site-packages/turtle_tracker/explorer_follower.py
[2.513s] -- Installing: /Users/riftka221/code/upv/EOII/proyROS/install/turtle_tracker/lib/python3.11/site-packages/turtle_tracker/turtle_info_action_client.py
[2.513s] -- Installing: /Users/riftka221/code/upv/EOII/proyROS/install/turtle_tracker/lib/python3.11/site-packages/turtle_tracker/explorer_follower
[2.514s] -- Installing: /Users/riftka221/code/upv/EOII/proyROS/install/turtle_tracker/lib/python3.11/site-packages/turtle_tracker/turtle_info_client
[2.538s] Listing 'lib/python3.11/site-packages/turtle_tracker'...
[2.538s] Can't list 'lib/python3.11/site-packages/turtle_tracker'
[2.541s] -- Installing: /Users/riftka221/code/upv/EOII/proyROS/install/turtle_tracker/share/turtle_tracker/launch
[2.541s] -- Installing: /Users/riftka221/code/upv/EOII/proyROS/install/turtle_tracker/share/turtle_tracker/launch/turtle_tracker_launch.xml
[2.541s] -- Installing: /Users/riftka221/code/upv/EOII/proyROS/install/turtle_tracker/lib/turtle_tracker/spawn_explorer
[2.542s] -- Installing: /Users/riftka221/code/upv/EOII/proyROS/install/turtle_tracker/lib/turtle_tracker/explorer_follower
[2.542s] -- Installing: /Users/riftka221/code/upv/EOII/proyROS/install/turtle_tracker/lib/turtle_tracker/state_server
[2.542s] -- Installing: /Users/riftka221/code/upv/EOII/proyROS/install/turtle_tracker/lib/turtle_tracker/turtle_info_client
[2.542s] -- Installing: /Users/riftka221/code/upv/EOII/proyROS/install/turtle_tracker/lib/turtle_tracker/turtle_info_action_client
[2.542s] -- Installing: /Users/riftka221/code/upv/EOII/proyROS/install/turtle_tracker/share/ament_index/resource_index/package_run_dependencies/turtle_tracker
[2.543s] -- Installing: /Users/riftka221/code/upv/EOII/proyROS/install/turtle_tracker/share/ament_index/resource_index/parent_prefix_path/turtle_tracker
[2.543s] -- Installing: /Users/riftka221/code/upv/EOII/proyROS/install/turtle_tracker/share/turtle_tracker/environment/ament_prefix_path.sh
[2.543s] -- Installing: /Users/riftka221/code/upv/EOII/proyROS/install/turtle_tracker/share/turtle_tracker/environment/ament_prefix_path.dsv
[2.543s] -- Installing: /Users/riftka221/code/upv/EOII/proyROS/install/turtle_tracker/share/turtle_tracker/environment/path.sh
[2.544s] -- Installing: /Users/riftka221/code/upv/EOII/proyROS/install/turtle_tracker/share/turtle_tracker/environment/path.dsv
[2.544s] -- Installing: /Users/riftka221/code/upv/EOII/proyROS/install/turtle_tracker/share/turtle_tracker/local_setup.bash
[2.544s] -- Installing: /Users/riftka221/code/upv/EOII/proyROS/install/turtle_tracker/share/turtle_tracker/local_setup.sh
[2.544s] -- Installing: /Users/riftka221/code/upv/EOII/proyROS/install/turtle_tracker/share/turtle_tracker/local_setup.zsh
[2.545s] -- Installing: /Users/riftka221/code/upv/EOII/proyROS/install/turtle_tracker/share/turtle_tracker/local_setup.dsv
[2.545s] -- Installing: /Users/riftka221/code/upv/EOII/proyROS/install/turtle_tracker/share/turtle_tracker/package.dsv
[2.545s] -- Installing: /Users/riftka221/code/upv/EOII/proyROS/install/turtle_tracker/share/ament_index/resource_index/packages/turtle_tracker
[2.545s] -- Installing: /Users/riftka221/code/upv/EOII/proyROS/install/turtle_tracker/share/turtle_tracker/cmake/turtle_trackerConfig.cmake
[2.546s] -- Installing: /Users/riftka221/code/upv/EOII/proyROS/install/turtle_tracker/share/turtle_tracker/cmake/turtle_trackerConfig-version.cmake
[2.546s] -- Installing: /Users/riftka221/code/upv/EOII/proyROS/install/turtle_tracker/share/turtle_tracker/package.xml
[2.547s] Invoked command in '/Users/riftka221/code/upv/EOII/proyROS/build/turtle_tracker' returned '0': CONDA_PROMPT_MODIFIER=(ros_env) SHLVL=2 _=/Users/riftka221/.local/share/mamba/envs/ros_env/bin/env /Users/riftka221/.local/share/mamba/envs/ros_env/bin/cmake --install /Users/riftka221/code/upv/EOII/proyROS/build/turtle_tracker
