[0.230s] [34mcolcon[0m [1;30mDEBUG[0m [32mCommand line arguments: ['/Users/riftka221/.local/share/mamba/envs/ros_env/bin/colcon', 'build', '--symlink-install'][0m
[0.230s] [34mcolcon[0m [1;30mDEBUG[0m [32mParsed command line arguments: Namespace(log_base=None, log_level=None, verb_name='build', build_base='build', install_base='install', merge_install=False, symlink_install=True, test_result_base=None, continue_on_error=False, executor='parallel', parallel_workers=8, event_handlers=None, ignore_user_meta=False, metas=['./colcon.meta'], base_paths=['.'], packages_ignore=None, packages_ignore_regex=None, paths=None, packages_up_to=None, packages_up_to_regex=None, packages_above=None, packages_above_and_dependencies=None, packages_above_depth=None, packages_select_by_dep=None, packages_skip_by_dep=None, packages_skip_up_to=None, packages_select_build_failed=False, packages_skip_build_finished=False, packages_select_test_failures=False, packages_skip_test_passed=False, packages_select=None, packages_skip=None, packages_select_regex=None, packages_skip_regex=None, packages_start=None, packages_end=None, cmake_args=None, cmake_target=None, cmake_target_skip_unavailable=False, cmake_clean_cache=False, cmake_clean_first=False, cmake_force_configure=False, ament_cmake_args=None, catkin_cmake_args=None, catkin_skip_building_tests=False, verb_parser=<colcon_defaults.argument_parser.defaults.DefaultArgumentsDecorator object at 0x101c1e610>, verb_extension=<colcon_core.verb.build.BuildVerb object at 0x101c1df10>, main=<bound method BuildVerb.main of <colcon_core.verb.build.BuildVerb object at 0x101c1df10>>)[0m
[0.273s] [34mcolcon.colcon_core.package_discovery[0m [1;30mLevel 1[0m discover_packages(colcon_meta) check parameters
[0.273s] [34mcolcon.colcon_core.package_discovery[0m [1;30mLevel 1[0m discover_packages(recursive) check parameters
[0.273s] [34mcolcon.colcon_core.package_discovery[0m [1;30mLevel 1[0m discover_packages(ignore) check parameters
[0.273s] [34mcolcon.colcon_core.package_discovery[0m [1;30mLevel 1[0m discover_packages(path) check parameters
[0.273s] [34mcolcon.colcon_core.package_discovery[0m [1;30mLevel 1[0m discover_packages(colcon_meta) discover
[0.273s] [34mcolcon.colcon_core.package_discovery[0m [1;30mLevel 1[0m discover_packages(recursive) discover
[0.273s] [34mcolcon.colcon_core.package_discovery[0m [1;30mINFO[0m Crawling recursively for packages in '/Users/riftka221/code/upv/EOII/proyROS'
[0.273s] [34mcolcon.colcon_core.package_identification[0m [1;30mLevel 1[0m _identify(.) by extensions ['ignore', 'ignore_ament_install']
[0.273s] [34mcolcon.colcon_core.package_identification[0m [1;30mLevel 1[0m _identify(.) by extension 'ignore'
[0.273s] [34mcolcon.colcon_core.package_identification[0m [1;30mLevel 1[0m _identify(.) by extension 'ignore_ament_install'
[0.274s] [34mcolcon.colcon_core.package_identification[0m [1;30mLevel 1[0m _identify(.) by extensions ['colcon_pkg']
[0.274s] [34mcolcon.colcon_core.package_identification[0m [1;30mLevel 1[0m _identify(.) by extension 'colcon_pkg'
[0.274s] [34mcolcon.colcon_core.package_identification[0m [1;30mLevel 1[0m _identify(.) by extensions ['colcon_meta']
[0.274s] [34mcolcon.colcon_core.package_identification[0m [1;30mLevel 1[0m _identify(.) by extension 'colcon_meta'
[0.274s] [34mcolcon.colcon_core.package_identification[0m [1;30mLevel 1[0m _identify(.) by extensions ['ros']
[0.274s] [34mcolcon.colcon_core.package_identification[0m [1;30mLevel 1[0m _identify(.) by extension 'ros'
[0.297s] [34mcolcon.colcon_core.package_identification[0m [1;30mLevel 1[0m _identify(.) by extensions ['cmake', 'python']
[0.297s] [34mcolcon.colcon_core.package_identification[0m [1;30mLevel 1[0m _identify(.) by extension 'cmake'
[0.297s] [34mcolcon.colcon_core.package_identification[0m [1;30mLevel 1[0m _identify(.) by extension 'python'
[0.297s] [34mcolcon.colcon_core.package_identification[0m [1;30mLevel 1[0m _identify(.) by extensions ['python_setup_py']
[0.297s] [34mcolcon.colcon_core.package_identification[0m [1;30mLevel 1[0m _identify(.) by extension 'python_setup_py'
[0.297s] [34mcolcon.colcon_core.package_identification[0m [1;30mLevel 1[0m _identify(build) by extensions ['ignore', 'ignore_ament_install']
[0.298s] [34mcolcon.colcon_core.package_identification[0m [1;30mLevel 1[0m _identify(build) by extension 'ignore'
[0.298s] [34mcolcon.colcon_core.package_identification[0m [1;30mLevel 1[0m _identify(build) ignored
[0.298s] [34mcolcon.colcon_core.package_identification[0m [1;30mLevel 1[0m _identify(install) by extensions ['ignore', 'ignore_ament_install']
[0.298s] [34mcolcon.colcon_core.package_identification[0m [1;30mLevel 1[0m _identify(install) by extension 'ignore'
[0.298s] [34mcolcon.colcon_core.package_identification[0m [1;30mLevel 1[0m _identify(install) ignored
[0.298s] [34mcolcon.colcon_core.package_identification[0m [1;30mLevel 1[0m _identify(log) by extensions ['ignore', 'ignore_ament_install']
[0.298s] [34mcolcon.colcon_core.package_identification[0m [1;30mLevel 1[0m _identify(log) by extension 'ignore'
[0.298s] [34mcolcon.colcon_core.package_identification[0m [1;30mLevel 1[0m _identify(log) ignored
[0.298s] [34mcolcon.colcon_core.package_identification[0m [1;30mLevel 1[0m _identify(src) by extensions ['ignore', 'ignore_ament_install']
[0.298s] [34mcolcon.colcon_core.package_identification[0m [1;30mLevel 1[0m _identify(src) by extension 'ignore'
[0.298s] [34mcolcon.colcon_core.package_identification[0m [1;30mLevel 1[0m _identify(src) by extension 'ignore_ament_install'
[0.298s] [34mcolcon.colcon_core.package_identification[0m [1;30mLevel 1[0m _identify(src) by extensions ['colcon_pkg']
[0.298s] [34mcolcon.colcon_core.package_identification[0m [1;30mLevel 1[0m _identify(src) by extension 'colcon_pkg'
[0.298s] [34mcolcon.colcon_core.package_identification[0m [1;30mLevel 1[0m _identify(src) by extensions ['colcon_meta']
[0.298s] [34mcolcon.colcon_core.package_identification[0m [1;30mLevel 1[0m _identify(src) by extension 'colcon_meta'
[0.298s] [34mcolcon.colcon_core.package_identification[0m [1;30mLevel 1[0m _identify(src) by extensions ['ros']
[0.298s] [34mcolcon.colcon_core.package_identification[0m [1;30mLevel 1[0m _identify(src) by extension 'ros'
[0.298s] [34mcolcon.colcon_core.package_identification[0m [1;30mLevel 1[0m _identify(src) by extensions ['cmake', 'python']
[0.298s] [34mcolcon.colcon_core.package_identification[0m [1;30mLevel 1[0m _identify(src) by extension 'cmake'
[0.298s] [34mcolcon.colcon_core.package_identification[0m [1;30mLevel 1[0m _identify(src) by extension 'python'
[0.298s] [34mcolcon.colcon_core.package_identification[0m [1;30mLevel 1[0m _identify(src) by extensions ['python_setup_py']
[0.298s] [34mcolcon.colcon_core.package_identification[0m [1;30mLevel 1[0m _identify(src) by extension 'python_setup_py'
[0.298s] [34mcolcon.colcon_core.package_identification[0m [1;30mLevel 1[0m _identify(src/turtle_tracker) by extensions ['ignore', 'ignore_ament_install']
[0.298s] [34mcolcon.colcon_core.package_identification[0m [1;30mLevel 1[0m _identify(src/turtle_tracker) by extension 'ignore'
[0.298s] [34mcolcon.colcon_core.package_identification[0m [1;30mLevel 1[0m _identify(src/turtle_tracker) by extension 'ignore_ament_install'
[0.298s] [34mcolcon.colcon_core.package_identification[0m [1;30mLevel 1[0m _identify(src/turtle_tracker) by extensions ['colcon_pkg']
[0.298s] [34mcolcon.colcon_core.package_identification[0m [1;30mLevel 1[0m _identify(src/turtle_tracker) by extension 'colcon_pkg'
[0.298s] [34mcolcon.colcon_core.package_identification[0m [1;30mLevel 1[0m _identify(src/turtle_tracker) by extensions ['colcon_meta']
[0.298s] [34mcolcon.colcon_core.package_identification[0m [1;30mLevel 1[0m _identify(src/turtle_tracker) by extension 'colcon_meta'
[0.298s] [34mcolcon.colcon_core.package_identification[0m [1;30mLevel 1[0m _identify(src/turtle_tracker) by extensions ['ros']
[0.298s] [34mcolcon.colcon_core.package_identification[0m [1;30mLevel 1[0m _identify(src/turtle_tracker) by extension 'ros'
[0.301s] [34mcolcon.colcon_core.package_identification[0m [1;30mDEBUG[0m [32mPackage 'src/turtle_tracker' with type 'ros.catkin' and name 'turtle_tracker'[0m
[0.301s] [34mcolcon.colcon_core.package_discovery[0m [1;30mLevel 1[0m discover_packages(recursive) using defaults
[0.301s] [34mcolcon.colcon_core.package_discovery[0m [1;30mLevel 1[0m discover_packages(ignore) discover
[0.301s] [34mcolcon.colcon_core.package_discovery[0m [1;30mLevel 1[0m discover_packages(ignore) using defaults
[0.301s] [34mcolcon.colcon_core.package_discovery[0m [1;30mLevel 1[0m discover_packages(path) discover
[0.301s] [34mcolcon.colcon_core.package_discovery[0m [1;30mLevel 1[0m discover_packages(path) using defaults
[0.317s] [34mcolcon.colcon_core.verb[0m [1;30mLevel 5[0m set package 'turtle_tracker' build argument 'cmake_args' from command line to 'None'
[0.317s] [34mcolcon.colcon_core.verb[0m [1;30mLevel 5[0m set package 'turtle_tracker' build argument 'cmake_target' from command line to 'None'
[0.317s] [34mcolcon.colcon_core.verb[0m [1;30mLevel 5[0m set package 'turtle_tracker' build argument 'cmake_target_skip_unavailable' from command line to 'False'
[0.317s] [34mcolcon.colcon_core.verb[0m [1;30mLevel 5[0m set package 'turtle_tracker' build argument 'cmake_clean_cache' from command line to 'False'
[0.317s] [34mcolcon.colcon_core.verb[0m [1;30mLevel 5[0m set package 'turtle_tracker' build argument 'cmake_clean_first' from command line to 'False'
[0.317s] [34mcolcon.colcon_core.verb[0m [1;30mLevel 5[0m set package 'turtle_tracker' build argument 'cmake_force_configure' from command line to 'False'
[0.317s] [34mcolcon.colcon_core.verb[0m [1;30mLevel 5[0m set package 'turtle_tracker' build argument 'ament_cmake_args' from command line to 'None'
[0.317s] [34mcolcon.colcon_core.verb[0m [1;30mLevel 5[0m set package 'turtle_tracker' build argument 'catkin_cmake_args' from command line to 'None'
[0.317s] [34mcolcon.colcon_core.verb[0m [1;30mLevel 5[0m set package 'turtle_tracker' build argument 'catkin_skip_building_tests' from command line to 'False'
[0.317s] [34mcolcon.colcon_core.verb[0m [1;30mDEBUG[0m [32mBuilding package 'turtle_tracker' with the following arguments: {'ament_cmake_args': None, 'build_base': '/Users/riftka221/code/upv/EOII/proyROS/build/turtle_tracker', 'catkin_cmake_args': None, 'catkin_skip_building_tests': False, 'cmake_args': None, 'cmake_clean_cache': False, 'cmake_clean_first': False, 'cmake_force_configure': False, 'cmake_target': None, 'cmake_target_skip_unavailable': False, 'install_base': '/Users/riftka221/code/upv/EOII/proyROS/install/turtle_tracker', 'merge_install': False, 'path': '/Users/riftka221/code/upv/EOII/proyROS/src/turtle_tracker', 'symlink_install': True, 'test_result_base': None}[0m
[0.317s] [34mcolcon.colcon_core.executor[0m [1;30mINFO[0m Executing jobs using 'parallel' executor
[0.317s] [34mcolcon.colcon_parallel_executor.executor.parallel[0m [1;30mDEBUG[0m [32mrun_until_complete[0m
[0.317s] [34mcolcon.colcon_ros.task.catkin.build[0m [1;30mINFO[0m Building ROS package in '/Users/riftka221/code/upv/EOII/proyROS/src/turtle_tracker' with build type 'catkin'
[0.318s] [34mcolcon.colcon_cmake.task.cmake.build[0m [1;30mINFO[0m Building CMake package in '/Users/riftka221/code/upv/EOII/proyROS/src/turtle_tracker'
[0.319s] [34mcolcon.colcon_core.plugin_system[0m [1;30mINFO[0m Skipping extension 'colcon_core.shell.bat': Not used on non-Windows systems
[0.319s] [34mcolcon.colcon_core.shell[0m [1;30mINFO[0m Skip shell extension 'powershell' for command environment: Not usable outside of PowerShell
[0.319s] [34mcolcon.colcon_core.shell[0m [1;30mDEBUG[0m [32mSkip shell extension 'dsv' for command environment[0m
[0.348s] [34mcolcon.colcon_core.event_handler.log_command[0m [1;30mDEBUG[0m [32mInvoking command in '/Users/riftka221/code/upv/EOII/proyROS/build/turtle_tracker': CONDA_PROMPT_MODIFIER=(ros_env) SHLVL=2 _=/Users/riftka221/.local/share/mamba/envs/ros_env/bin/env /Users/riftka221/.local/share/mamba/envs/ros_env/bin/cmake /Users/riftka221/code/upv/EOII/proyROS/src/turtle_tracker -DCATKIN_INSTALL_INTO_PREFIX_ROOT=0 -DCATKIN_SYMLINK_INSTALL=ON -DCMAKE_INSTALL_PREFIX=/Users/riftka221/code/upv/EOII/proyROS/install/turtle_tracker[0m
[2.424s] [34mcolcon.colcon_core.event_handler.log_command[0m [1;30mDEBUG[0m [32mInvoked command in '/Users/riftka221/code/upv/EOII/proyROS/build/turtle_tracker' returned '0': CONDA_PROMPT_MODIFIER=(ros_env) SHLVL=2 _=/Users/riftka221/.local/share/mamba/envs/ros_env/bin/env /Users/riftka221/.local/share/mamba/envs/ros_env/bin/cmake /Users/riftka221/code/upv/EOII/proyROS/src/turtle_tracker -DCATKIN_INSTALL_INTO_PREFIX_ROOT=0 -DCATKIN_SYMLINK_INSTALL=ON -DCMAKE_INSTALL_PREFIX=/Users/riftka221/code/upv/EOII/proyROS/install/turtle_tracker[0m
[2.427s] [34mcolcon.colcon_core.event_handler.log_command[0m [1;30mDEBUG[0m [32mInvoking command in '/Users/riftka221/code/upv/EOII/proyROS/build/turtle_tracker': CONDA_PROMPT_MODIFIER=(ros_env) SHLVL=2 _=/Users/riftka221/.local/share/mamba/envs/ros_env/bin/env /Users/riftka221/.local/share/mamba/envs/ros_env/bin/cmake --build /Users/riftka221/code/upv/EOII/proyROS/build/turtle_tracker -- -j8 -l8[0m
[2.796s] [34mcolcon.colcon_core.event_handler.log_command[0m [1;30mDEBUG[0m [32mInvoked command in '/Users/riftka221/code/upv/EOII/proyROS/build/turtle_tracker' returned '0': CONDA_PROMPT_MODIFIER=(ros_env) SHLVL=2 _=/Users/riftka221/.local/share/mamba/envs/ros_env/bin/env /Users/riftka221/.local/share/mamba/envs/ros_env/bin/cmake --build /Users/riftka221/code/upv/EOII/proyROS/build/turtle_tracker -- -j8 -l8[0m
[2.814s] [34mcolcon.colcon_core.event_handler.log_command[0m [1;30mDEBUG[0m [32mInvoking command in '/Users/riftka221/code/upv/EOII/proyROS/build/turtle_tracker': CONDA_PROMPT_MODIFIER=(ros_env) SHLVL=2 _=/Users/riftka221/.local/share/mamba/envs/ros_env/bin/env /Users/riftka221/.local/share/mamba/envs/ros_env/bin/cmake --install /Users/riftka221/code/upv/EOII/proyROS/build/turtle_tracker[0m
[2.865s] [34mcolcon.colcon_core.event_handler.log_command[0m [1;30mDEBUG[0m [32mInvoked command in '/Users/riftka221/code/upv/EOII/proyROS/build/turtle_tracker' returned '0': CONDA_PROMPT_MODIFIER=(ros_env) SHLVL=2 _=/Users/riftka221/.local/share/mamba/envs/ros_env/bin/env /Users/riftka221/.local/share/mamba/envs/ros_env/bin/cmake --install /Users/riftka221/code/upv/EOII/proyROS/build/turtle_tracker[0m
[2.865s] [34mcolcon.colcon_core.shell[0m [1;30mLevel 1[0m create_environment_hook('turtle_tracker', 'ros_package_path')
[2.865s] [34mcolcon.colcon_core.shell[0m [1;30mINFO[0m Creating environment hook '/Users/riftka221/code/upv/EOII/proyROS/install/turtle_tracker/share/turtle_tracker/hook/ros_package_path.ps1'
[2.866s] [34mcolcon.colcon_core.shell[0m [1;30mINFO[0m Creating environment descriptor '/Users/riftka221/code/upv/EOII/proyROS/install/turtle_tracker/share/turtle_tracker/hook/ros_package_path.dsv'
[2.867s] [34mcolcon.colcon_core.shell[0m [1;30mINFO[0m Creating environment hook '/Users/riftka221/code/upv/EOII/proyROS/install/turtle_tracker/share/turtle_tracker/hook/ros_package_path.sh'
[2.867s] [34mcolcon.colcon_ros.task.catkin[0m [1;30mLevel 1[0m checking '/Users/riftka221/code/upv/EOII/proyROS/install/turtle_tracker/lib/python3.11/site-packages'
[2.867s] [34mcolcon.colcon_core.shell[0m [1;30mLevel 1[0m create_environment_hook('turtle_tracker', 'catkin_pythonpath')
[2.868s] [34mcolcon.colcon_core.shell[0m [1;30mINFO[0m Creating environment hook '/Users/riftka221/code/upv/EOII/proyROS/install/turtle_tracker/share/turtle_tracker/hook/catkin_pythonpath.ps1'
[2.868s] [34mcolcon.colcon_core.shell[0m [1;30mINFO[0m Creating environment descriptor '/Users/riftka221/code/upv/EOII/proyROS/install/turtle_tracker/share/turtle_tracker/hook/catkin_pythonpath.dsv'
[2.868s] [34mcolcon.colcon_core.shell[0m [1;30mINFO[0m Creating environment hook '/Users/riftka221/code/upv/EOII/proyROS/install/turtle_tracker/share/turtle_tracker/hook/catkin_pythonpath.sh'
[2.868s] [34mcolcon.colcon_core.shell[0m [1;30mLevel 1[0m create_environment_hook('turtle_tracker', 'pkg_config_path')
[2.868s] [34mcolcon.colcon_core.shell[0m [1;30mINFO[0m Creating environment hook '/Users/riftka221/code/upv/EOII/proyROS/install/turtle_tracker/share/turtle_tracker/hook/pkg_config_path.ps1'
[2.869s] [34mcolcon.colcon_core.shell[0m [1;30mINFO[0m Creating environment descriptor '/Users/riftka221/code/upv/EOII/proyROS/install/turtle_tracker/share/turtle_tracker/hook/pkg_config_path.dsv'
[2.869s] [34mcolcon.colcon_core.shell[0m [1;30mINFO[0m Creating environment hook '/Users/riftka221/code/upv/EOII/proyROS/install/turtle_tracker/share/turtle_tracker/hook/pkg_config_path.sh'
[2.869s] [34mcolcon.colcon_core.environment[0m [1;30mLevel 1[0m create_environment_scripts_only(turtle_tracker)
[2.873s] [34mcolcon.colcon_core.environment[0m [1;30mLevel 1[0m checking '/Users/riftka221/code/upv/EOII/proyROS/install/turtle_tracker' for CMake module files
[2.873s] [34mcolcon.colcon_core.environment[0m [1;30mLevel 1[0m checking '/Users/riftka221/code/upv/EOII/proyROS/install/turtle_tracker' for CMake config files
[2.874s] [34mcolcon.colcon_core.shell[0m [1;30mLevel 1[0m create_environment_hook('turtle_tracker', 'cmake_prefix_path')
[2.874s] [34mcolcon.colcon_core.shell[0m [1;30mINFO[0m Creating environment hook '/Users/riftka221/code/upv/EOII/proyROS/install/turtle_tracker/share/turtle_tracker/hook/cmake_prefix_path.ps1'
[2.874s] [34mcolcon.colcon_core.shell[0m [1;30mINFO[0m Creating environment descriptor '/Users/riftka221/code/upv/EOII/proyROS/install/turtle_tracker/share/turtle_tracker/hook/cmake_prefix_path.dsv'
[2.874s] [34mcolcon.colcon_core.shell[0m [1;30mINFO[0m Creating environment hook '/Users/riftka221/code/upv/EOII/proyROS/install/turtle_tracker/share/turtle_tracker/hook/cmake_prefix_path.sh'
[2.874s] [34mcolcon.colcon_core.environment[0m [1;30mLevel 1[0m checking '/Users/riftka221/code/upv/EOII/proyROS/install/turtle_tracker/lib'
[2.875s] [34mcolcon.colcon_core.environment[0m [1;30mLevel 1[0m checking '/Users/riftka221/code/upv/EOII/proyROS/install/turtle_tracker/bin'
[2.875s] [34mcolcon.colcon_core.environment[0m [1;30mLevel 1[0m checking '/Users/riftka221/code/upv/EOII/proyROS/install/turtle_tracker/lib/pkgconfig/turtle_tracker.pc'
[2.875s] [34mcolcon.colcon_core.environment[0m [1;30mLevel 1[0m checking '/Users/riftka221/code/upv/EOII/proyROS/install/turtle_tracker/lib/python3.11/site-packages'
[2.875s] [34mcolcon.colcon_core.shell[0m [1;30mLevel 1[0m create_environment_hook('turtle_tracker', 'pythonpath')
[2.875s] [34mcolcon.colcon_core.shell[0m [1;30mINFO[0m Creating environment hook '/Users/riftka221/code/upv/EOII/proyROS/install/turtle_tracker/share/turtle_tracker/hook/pythonpath.ps1'
[2.875s] [34mcolcon.colcon_core.shell[0m [1;30mINFO[0m Creating environment descriptor '/Users/riftka221/code/upv/EOII/proyROS/install/turtle_tracker/share/turtle_tracker/hook/pythonpath.dsv'
[2.875s] [34mcolcon.colcon_core.shell[0m [1;30mINFO[0m Creating environment hook '/Users/riftka221/code/upv/EOII/proyROS/install/turtle_tracker/share/turtle_tracker/hook/pythonpath.sh'
[2.876s] [34mcolcon.colcon_core.environment[0m [1;30mLevel 1[0m checking '/Users/riftka221/code/upv/EOII/proyROS/install/turtle_tracker/bin'
[2.876s] [34mcolcon.colcon_core.shell[0m [1;30mINFO[0m Creating package script '/Users/riftka221/code/upv/EOII/proyROS/install/turtle_tracker/share/turtle_tracker/package.ps1'
[2.877s] [34mcolcon.colcon_core.shell[0m [1;30mINFO[0m Creating package descriptor '/Users/riftka221/code/upv/EOII/proyROS/install/turtle_tracker/share/turtle_tracker/package.dsv'
[2.877s] [34mcolcon.colcon_core.shell[0m [1;30mINFO[0m Creating package script '/Users/riftka221/code/upv/EOII/proyROS/install/turtle_tracker/share/turtle_tracker/package.sh'
[2.878s] [34mcolcon.colcon_core.shell[0m [1;30mINFO[0m Creating package script '/Users/riftka221/code/upv/EOII/proyROS/install/turtle_tracker/share/turtle_tracker/package.bash'
[2.879s] [34mcolcon.colcon_core.shell[0m [1;30mINFO[0m Creating package script '/Users/riftka221/code/upv/EOII/proyROS/install/turtle_tracker/share/turtle_tracker/package.zsh'
[2.879s] [34mcolcon.colcon_core.environment[0m [1;30mLevel 1[0m create_file_with_runtime_dependencies(/Users/riftka221/code/upv/EOII/proyROS/install/turtle_tracker/share/colcon-core/packages/turtle_tracker)
[2.880s] [34mcolcon.colcon_parallel_executor.executor.parallel[0m [1;30mDEBUG[0m [32mclosing loop[0m
[2.880s] [34mcolcon.colcon_parallel_executor.executor.parallel[0m [1;30mDEBUG[0m [32mloop closed[0m
[2.880s] [34mcolcon.colcon_parallel_executor.executor.parallel[0m [1;30mDEBUG[0m [32mrun_until_complete finished with '0'[0m
[2.880s] [34mcolcon.colcon_core.event_reactor[0m [1;30mDEBUG[0m [32mjoining thread[0m
[2.880s] [34mcolcon.colcon_core.event_reactor[0m [1;30mDEBUG[0m [32mjoined thread[0m
[2.880s] [34mcolcon.colcon_core.shell[0m [1;30mINFO[0m Creating prefix script '/Users/riftka221/code/upv/EOII/proyROS/install/local_setup.ps1'
[2.881s] [34mcolcon.colcon_core.shell[0m [1;30mINFO[0m Creating prefix util module '/Users/riftka221/code/upv/EOII/proyROS/install/_local_setup_util_ps1.py'
[2.882s] [34mcolcon.colcon_core.shell[0m [1;30mINFO[0m Creating prefix chain script '/Users/riftka221/code/upv/EOII/proyROS/install/setup.ps1'
[2.883s] [34mcolcon.colcon_core.shell[0m [1;30mINFO[0m Creating prefix script '/Users/riftka221/code/upv/EOII/proyROS/install/local_setup.sh'
[2.883s] [34mcolcon.colcon_core.shell[0m [1;30mINFO[0m Creating prefix util module '/Users/riftka221/code/upv/EOII/proyROS/install/_local_setup_util_sh.py'
[2.884s] [34mcolcon.colcon_core.shell[0m [1;30mINFO[0m Creating prefix chain script '/Users/riftka221/code/upv/EOII/proyROS/install/setup.sh'
[2.885s] [34mcolcon.colcon_core.shell[0m [1;30mINFO[0m Creating prefix script '/Users/riftka221/code/upv/EOII/proyROS/install/local_setup.bash'
[2.885s] [34mcolcon.colcon_core.shell[0m [1;30mINFO[0m Creating prefix chain script '/Users/riftka221/code/upv/EOII/proyROS/install/setup.bash'
[2.886s] [34mcolcon.colcon_core.shell[0m [1;30mINFO[0m Creating prefix script '/Users/riftka221/code/upv/EOII/proyROS/install/local_setup.zsh'
[2.886s] [34mcolcon.colcon_core.shell[0m [1;30mINFO[0m Creating prefix chain script '/Users/riftka221/code/upv/EOII/proyROS/install/setup.zsh'
