[0.036s] Invoking command in '/Users/riftka221/code/upv/EOII/proyROS/build/turtle_tracker': CONDA_PROMPT_MODIFIER=(ros_env) SHLVL=2 _=/Users/riftka221/.local/share/mamba/envs/ros_env/bin/env /Users/riftka221/.local/share/mamba/envs/ros_env/bin/cmake --build /Users/riftka221/code/upv/EOII/proyROS/build/turtle_tracker -- -j8 -l8
[0.199s] -- Found ament_cmake: 1.3.12 (/Users/riftka221/.local/share/mamba/envs/ros_env/share/ament_cmake/cmake)
[0.516s] -- Configuring done (0.4s)
[0.533s] -- Generating done (0.0s)
[0.540s] -- Build files have been written to: /Users/riftka221/code/upv/EOII/proyROS/build/turtle_tracker
[0.635s] Built target ament_cmake_python_copy_turtle_tracker_setup
[0.638s] Built target ament_cmake_python_copy_turtle_tracker
[0.812s] running egg_info
[0.822s] writing turtle_tracker.egg-info/PKG-INFO
[0.823s] writing dependency_links to turtle_tracker.egg-info/dependency_links.txt
[0.823s] writing top-level names to turtle_tracker.egg-info/top_level.txt
[0.852s] reading manifest file 'turtle_tracker.egg-info/SOURCES.txt'
[0.853s] writing manifest file 'turtle_tracker.egg-info/SOURCES.txt'
[0.886s] Built target ament_cmake_python_build_turtle_tracker_egg
[0.900s] Invoked command in '/Users/riftka221/code/upv/EOII/proyROS/build/turtle_tracker' returned '0': CONDA_PROMPT_MODIFIER=(ros_env) SHLVL=2 _=/Users/riftka221/.local/share/mamba/envs/ros_env/bin/env /Users/riftka221/.local/share/mamba/envs/ros_env/bin/cmake --build /Users/riftka221/code/upv/EOII/proyROS/build/turtle_tracker -- -j8 -l8
[0.918s] Invoking command in '/Users/riftka221/code/upv/EOII/proyROS/build/turtle_tracker': CONDA_PROMPT_MODIFIER=(ros_env) SHLVL=2 _=/Users/riftka221/.local/share/mamba/envs/ros_env/bin/env /Users/riftka221/.local/share/mamba/envs/ros_env/bin/cmake --install /Users/riftka221/code/upv/EOII/proyROS/build/turtle_tracker
[0.931s] -- Install configuration: ""
[0.931s] -- Up-to-date: /Users/riftka221/code/upv/EOII/proyROS/install/turtle_tracker/share/turtle_tracker/environment/pythonpath.sh
[0.931s] -- Installing: /Users/riftka221/code/upv/EOII/proyROS/install/turtle_tracker/share/turtle_tracker/environment/pythonpath.dsv
[0.932s] -- Up-to-date: /Users/riftka221/code/upv/EOII/proyROS/install/turtle_tracker/lib/python3.11/site-packages/turtle_tracker-0.1.0-py3.11.egg-info
[0.932s] -- Installing: /Users/riftka221/code/upv/EOII/proyROS/install/turtle_tracker/lib/python3.11/site-packages/turtle_tracker-0.1.0-py3.11.egg-info/PKG-INFO
[0.932s] -- Installing: /Users/riftka221/code/upv/EOII/proyROS/install/turtle_tracker/lib/python3.11/site-packages/turtle_tracker-0.1.0-py3.11.egg-info/SOURCES.txt
[0.932s] -- Installing: /Users/riftka221/code/upv/EOII/proyROS/install/turtle_tracker/lib/python3.11/site-packages/turtle_tracker-0.1.0-py3.11.egg-info/top_level.txt
[0.932s] -- Installing: /Users/riftka221/code/upv/EOII/proyROS/install/turtle_tracker/lib/python3.11/site-packages/turtle_tracker-0.1.0-py3.11.egg-info/dependency_links.txt
[0.933s] -- Up-to-date: /Users/riftka221/code/upv/EOII/proyROS/install/turtle_tracker/lib/python3.11/site-packages/turtle_tracker
[0.933s] -- Up-to-date: /Users/riftka221/code/upv/EOII/proyROS/install/turtle_tracker/lib/python3.11/site-packages/turtle_tracker/turtle_info_action_client
[0.933s] -- Up-to-date: /Users/riftka221/code/upv/EOII/proyROS/install/turtle_tracker/lib/python3.11/site-packages/turtle_tracker/spawn_explorer
[0.933s] -- Up-to-date: /Users/riftka221/code/upv/EOII/proyROS/install/turtle_tracker/lib/python3.11/site-packages/turtle_tracker/state_server
[0.933s] -- Up-to-date: /Users/riftka221/code/upv/EOII/proyROS/install/turtle_tracker/lib/python3.11/site-packages/turtle_tracker/spawn_explorer.py
[0.933s] -- Up-to-date: /Users/riftka221/code/upv/EOII/proyROS/install/turtle_tracker/lib/python3.11/site-packages/turtle_tracker/turtle_info_client.py
[0.933s] -- Up-to-date: /Users/riftka221/code/upv/EOII/proyROS/install/turtle_tracker/lib/python3.11/site-packages/turtle_tracker/__init__.py
[0.933s] -- Up-to-date: /Users/riftka221/code/upv/EOII/proyROS/install/turtle_tracker/lib/python3.11/site-packages/turtle_tracker/state_server.py
[0.933s] -- Up-to-date: /Users/riftka221/code/upv/EOII/proyROS/install/turtle_tracker/lib/python3.11/site-packages/turtle_tracker/explorer_follower.py
[0.933s] -- Up-to-date: /Users/riftka221/code/upv/EOII/proyROS/install/turtle_tracker/lib/python3.11/site-packages/turtle_tracker/turtle_info_action_client.py
[0.934s] -- Up-to-date: /Users/riftka221/code/upv/EOII/proyROS/install/turtle_tracker/lib/python3.11/site-packages/turtle_tracker/explorer_follower
[0.934s] -- Up-to-date: /Users/riftka221/code/upv/EOII/proyROS/install/turtle_tracker/lib/python3.11/site-packages/turtle_tracker/turtle_info_client
[0.969s] Listing 'lib/python3.11/site-packages/turtle_tracker'...
[0.970s] Can't list 'lib/python3.11/site-packages/turtle_tracker'
[0.975s] -- Up-to-date: /Users/riftka221/code/upv/EOII/proyROS/install/turtle_tracker/share/turtle_tracker/launch
[0.976s] -- Up-to-date: /Users/riftka221/code/upv/EOII/proyROS/install/turtle_tracker/share/turtle_tracker/launch/turtle_tracker_launch.xml
[0.976s] -- Up-to-date: /Users/riftka221/code/upv/EOII/proyROS/install/turtle_tracker/lib/turtle_tracker/spawn_explorer
[0.976s] -- Up-to-date: /Users/riftka221/code/upv/EOII/proyROS/install/turtle_tracker/lib/turtle_tracker/explorer_follower
[0.976s] -- Up-to-date: /Users/riftka221/code/upv/EOII/proyROS/install/turtle_tracker/lib/turtle_tracker/state_server
[0.976s] -- Up-to-date: /Users/riftka221/code/upv/EOII/proyROS/install/turtle_tracker/lib/turtle_tracker/turtle_info_client
[0.976s] -- Up-to-date: /Users/riftka221/code/upv/EOII/proyROS/install/turtle_tracker/lib/turtle_tracker/turtle_info_action_client
[0.976s] -- Up-to-date: /Users/riftka221/code/upv/EOII/proyROS/install/turtle_tracker/share/ament_index/resource_index/package_run_dependencies/turtle_tracker
[0.976s] -- Up-to-date: /Users/riftka221/code/upv/EOII/proyROS/install/turtle_tracker/share/ament_index/resource_index/parent_prefix_path/turtle_tracker
[0.976s] -- Up-to-date: /Users/riftka221/code/upv/EOII/proyROS/install/turtle_tracker/share/turtle_tracker/environment/ament_prefix_path.sh
[0.976s] -- Installing: /Users/riftka221/code/upv/EOII/proyROS/install/turtle_tracker/share/turtle_tracker/environment/ament_prefix_path.dsv
[0.977s] -- Up-to-date: /Users/riftka221/code/upv/EOII/proyROS/install/turtle_tracker/share/turtle_tracker/environment/path.sh
[0.977s] -- Installing: /Users/riftka221/code/upv/EOII/proyROS/install/turtle_tracker/share/turtle_tracker/environment/path.dsv
[0.977s] -- Up-to-date: /Users/riftka221/code/upv/EOII/proyROS/install/turtle_tracker/share/turtle_tracker/local_setup.bash
[0.977s] -- Up-to-date: /Users/riftka221/code/upv/EOII/proyROS/install/turtle_tracker/share/turtle_tracker/local_setup.sh
[0.978s] -- Up-to-date: /Users/riftka221/code/upv/EOII/proyROS/install/turtle_tracker/share/turtle_tracker/local_setup.zsh
[0.978s] -- Installing: /Users/riftka221/code/upv/EOII/proyROS/install/turtle_tracker/share/turtle_tracker/local_setup.dsv
[0.978s] -- Installing: /Users/riftka221/code/upv/EOII/proyROS/install/turtle_tracker/share/turtle_tracker/package.dsv
[0.978s] -- Up-to-date: /Users/riftka221/code/upv/EOII/proyROS/install/turtle_tracker/share/ament_index/resource_index/packages/turtle_tracker
[0.978s] -- Up-to-date: /Users/riftka221/code/upv/EOII/proyROS/install/turtle_tracker/share/turtle_tracker/cmake/turtle_trackerConfig.cmake
[0.978s] -- Up-to-date: /Users/riftka221/code/upv/EOII/proyROS/install/turtle_tracker/share/turtle_tracker/cmake/turtle_trackerConfig-version.cmake
[0.978s] -- Up-to-date: /Users/riftka221/code/upv/EOII/proyROS/install/turtle_tracker/share/turtle_tracker/package.xml
[0.981s] Invoked command in '/Users/riftka221/code/upv/EOII/proyROS/build/turtle_tracker' returned '0': CONDA_PROMPT_MODIFIER=(ros_env) SHLVL=2 _=/Users/riftka221/.local/share/mamba/envs/ros_env/bin/env /Users/riftka221/.local/share/mamba/envs/ros_env/bin/cmake --install /Users/riftka221/code/upv/EOII/proyROS/build/turtle_tracker
