[0.274s] [34mcolcon[0m [1;30mDEBUG[0m [32mCommand line arguments: ['/Users/riftka221/.local/share/mamba/envs/ros_env/bin/colcon', 'build', '--packages-select', 'turtle_tracker', '--symlink-install', '--cmake-args', '-DPython_EXECUTABLE=/Users/riftka221/.local/share/mamba/envs/ros_env/bin/python3', '-DPython_INCLUDE_DIRS=/Users/riftka221/.local/share/mamba/envs/ros_env/include/python3.11', '-DPython_LIBRARY=/Users/riftka221/.local/share/mamba/envs/ros_env/lib/libpython3.11.dylib', '-DPython_NumPy_INCLUDE_DIRS=/Users/riftka221/.local/share/mamba/envs/ros_env/lib/python3.11/site-packages/numpy/_core/include', '-DPython3_EXECUTABLE=/Users/riftka221/.local/share/mamba/envs/ros_env/bin/python3', '-DPython3_INCLUDE_DIR=/Users/riftka221/.local/share/mamba/envs/ros_env/include/python3.11', '-DPython3_LIBRARY=/Users/riftka221/.local/share/mamba/envs/ros_env/lib/libpython3.11.dylib'][0m
[0.274s] [34mcolcon[0m [1;30mDEBUG[0m [32mParsed command line arguments: Namespace(log_base=None, log_level=None, verb_name='build', build_base='build', install_base='install', merge_install=False, symlink_install=True, test_result_base=None, continue_on_error=False, executor='parallel', parallel_workers=8, event_handlers=None, ignore_user_meta=False, metas=['./colcon.meta'], base_paths=['.'], packages_ignore=None, packages_ignore_regex=None, paths=None, packages_up_to=None, packages_up_to_regex=None, packages_above=None, packages_above_and_dependencies=None, packages_above_depth=None, packages_select_by_dep=None, packages_skip_by_dep=None, packages_skip_up_to=None, packages_select_build_failed=False, packages_skip_build_finished=False, packages_select_test_failures=False, packages_skip_test_passed=False, packages_select=['turtle_tracker'], packages_skip=None, packages_select_regex=None, packages_skip_regex=None, packages_start=None, packages_end=None, cmake_args=['-DPython_EXECUTABLE=/Users/riftka221/.local/share/mamba/envs/ros_env/bin/python3', '-DPython_INCLUDE_DIRS=/Users/riftka221/.local/share/mamba/envs/ros_env/include/python3.11', '-DPython_LIBRARY=/Users/riftka221/.local/share/mamba/envs/ros_env/lib/libpython3.11.dylib', '-DPython_NumPy_INCLUDE_DIRS=/Users/riftka221/.local/share/mamba/envs/ros_env/lib/python3.11/site-packages/numpy/_core/include', '-DPython3_EXECUTABLE=/Users/riftka221/.local/share/mamba/envs/ros_env/bin/python3', '-DPython3_INCLUDE_DIR=/Users/riftka221/.local/share/mamba/envs/ros_env/include/python3.11', '-DPython3_LIBRARY=/Users/riftka221/.local/share/mamba/envs/ros_env/lib/libpython3.11.dylib'], cmake_target=None, cmake_target_skip_unavailable=False, cmake_clean_cache=False, cmake_clean_first=False, cmake_force_configure=False, ament_cmake_args=None, catkin_cmake_args=None, catkin_skip_building_tests=False, verb_parser=<colcon_defaults.argument_parser.defaults.DefaultArgumentsDecorator object at 0x104226550>, verb_extension=<colcon_core.verb.build.BuildVerb object at 0x104225ed0>, main=<bound method BuildVerb.main of <colcon_core.verb.build.BuildVerb object at 0x104225ed0>>)[0m
[0.324s] [34mcolcon.colcon_core.package_discovery[0m [1;30mLevel 1[0m discover_packages(colcon_meta) check parameters
[0.324s] [34mcolcon.colcon_core.package_discovery[0m [1;30mLevel 1[0m discover_packages(recursive) check parameters
[0.324s] [34mcolcon.colcon_core.package_discovery[0m [1;30mLevel 1[0m discover_packages(ignore) check parameters
[0.324s] [34mcolcon.colcon_core.package_discovery[0m [1;30mLevel 1[0m discover_packages(path) check parameters
[0.324s] [34mcolcon.colcon_core.package_discovery[0m [1;30mLevel 1[0m discover_packages(colcon_meta) discover
[0.325s] [34mcolcon.colcon_core.package_discovery[0m [1;30mLevel 1[0m discover_packages(recursive) discover
[0.325s] [34mcolcon.colcon_core.package_discovery[0m [1;30mINFO[0m Crawling recursively for packages in '/Users/riftka221/code/upv/EOII/proyROS/src/turtle_tracker'
[0.325s] [34mcolcon.colcon_core.package_identification[0m [1;30mLevel 1[0m _identify(.) by extensions ['ignore', 'ignore_ament_install']
[0.325s] [34mcolcon.colcon_core.package_identification[0m [1;30mLevel 1[0m _identify(.) by extension 'ignore'
[0.325s] [34mcolcon.colcon_core.package_identification[0m [1;30mLevel 1[0m _identify(.) by extension 'ignore_ament_install'
[0.325s] [34mcolcon.colcon_core.package_identification[0m [1;30mLevel 1[0m _identify(.) by extensions ['colcon_pkg']
[0.325s] [34mcolcon.colcon_core.package_identification[0m [1;30mLevel 1[0m _identify(.) by extension 'colcon_pkg'
[0.325s] [34mcolcon.colcon_core.package_identification[0m [1;30mLevel 1[0m _identify(.) by extensions ['colcon_meta']
[0.325s] [34mcolcon.colcon_core.package_identification[0m [1;30mLevel 1[0m _identify(.) by extension 'colcon_meta'
[0.325s] [34mcolcon.colcon_core.package_identification[0m [1;30mLevel 1[0m _identify(.) by extensions ['ros']
[0.325s] [34mcolcon.colcon_core.package_identification[0m [1;30mLevel 1[0m _identify(.) by extension 'ros'
[0.360s] [34mcolcon.colcon_core.package_identification[0m [1;30mDEBUG[0m [32mPackage '.' with type 'ros.catkin' and name 'turtle_tracker'[0m
[0.360s] [34mcolcon.colcon_core.package_discovery[0m [1;30mLevel 1[0m discover_packages(recursive) using defaults
[0.360s] [34mcolcon.colcon_core.package_discovery[0m [1;30mLevel 1[0m discover_packages(ignore) discover
[0.360s] [34mcolcon.colcon_core.package_discovery[0m [1;30mLevel 1[0m discover_packages(ignore) using defaults
[0.360s] [34mcolcon.colcon_core.package_discovery[0m [1;30mLevel 1[0m discover_packages(path) discover
[0.360s] [34mcolcon.colcon_core.package_discovery[0m [1;30mLevel 1[0m discover_packages(path) using defaults
[0.379s] [34mcolcon.colcon_core.verb[0m [1;30mLevel 5[0m set package 'turtle_tracker' build argument 'cmake_args' from command line to '['-DPython_EXECUTABLE=/Users/riftka221/.local/share/mamba/envs/ros_env/bin/python3', '-DPython_INCLUDE_DIRS=/Users/riftka221/.local/share/mamba/envs/ros_env/include/python3.11', '-DPython_LIBRARY=/Users/riftka221/.local/share/mamba/envs/ros_env/lib/libpython3.11.dylib', '-DPython_NumPy_INCLUDE_DIRS=/Users/riftka221/.local/share/mamba/envs/ros_env/lib/python3.11/site-packages/numpy/_core/include', '-DPython3_EXECUTABLE=/Users/riftka221/.local/share/mamba/envs/ros_env/bin/python3', '-DPython3_INCLUDE_DIR=/Users/riftka221/.local/share/mamba/envs/ros_env/include/python3.11', '-DPython3_LIBRARY=/Users/riftka221/.local/share/mamba/envs/ros_env/lib/libpython3.11.dylib']'
[0.379s] [34mcolcon.colcon_core.verb[0m [1;30mLevel 5[0m set package 'turtle_tracker' build argument 'cmake_target' from command line to 'None'
[0.379s] [34mcolcon.colcon_core.verb[0m [1;30mLevel 5[0m set package 'turtle_tracker' build argument 'cmake_target_skip_unavailable' from command line to 'False'
[0.379s] [34mcolcon.colcon_core.verb[0m [1;30mLevel 5[0m set package 'turtle_tracker' build argument 'cmake_clean_cache' from command line to 'False'
[0.379s] [34mcolcon.colcon_core.verb[0m [1;30mLevel 5[0m set package 'turtle_tracker' build argument 'cmake_clean_first' from command line to 'False'
[0.379s] [34mcolcon.colcon_core.verb[0m [1;30mLevel 5[0m set package 'turtle_tracker' build argument 'cmake_force_configure' from command line to 'False'
[0.379s] [34mcolcon.colcon_core.verb[0m [1;30mLevel 5[0m set package 'turtle_tracker' build argument 'ament_cmake_args' from command line to 'None'
[0.379s] [34mcolcon.colcon_core.verb[0m [1;30mLevel 5[0m set package 'turtle_tracker' build argument 'catkin_cmake_args' from command line to 'None'
[0.379s] [34mcolcon.colcon_core.verb[0m [1;30mLevel 5[0m set package 'turtle_tracker' build argument 'catkin_skip_building_tests' from command line to 'False'
[0.379s] [34mcolcon.colcon_core.verb[0m [1;30mDEBUG[0m [32mBuilding package 'turtle_tracker' with the following arguments: {'ament_cmake_args': None, 'build_base': '/Users/riftka221/code/upv/EOII/proyROS/src/turtle_tracker/build/turtle_tracker', 'catkin_cmake_args': None, 'catkin_skip_building_tests': False, 'cmake_args': ['-DPython_EXECUTABLE=/Users/riftka221/.local/share/mamba/envs/ros_env/bin/python3', '-DPython_INCLUDE_DIRS=/Users/riftka221/.local/share/mamba/envs/ros_env/include/python3.11', '-DPython_LIBRARY=/Users/riftka221/.local/share/mamba/envs/ros_env/lib/libpython3.11.dylib', '-DPython_NumPy_INCLUDE_DIRS=/Users/riftka221/.local/share/mamba/envs/ros_env/lib/python3.11/site-packages/numpy/_core/include', '-DPython3_EXECUTABLE=/Users/riftka221/.local/share/mamba/envs/ros_env/bin/python3', '-DPython3_INCLUDE_DIR=/Users/riftka221/.local/share/mamba/envs/ros_env/include/python3.11', '-DPython3_LIBRARY=/Users/riftka221/.local/share/mamba/envs/ros_env/lib/libpython3.11.dylib'], 'cmake_clean_cache': False, 'cmake_clean_first': False, 'cmake_force_configure': False, 'cmake_target': None, 'cmake_target_skip_unavailable': False, 'install_base': '/Users/riftka221/code/upv/EOII/proyROS/src/turtle_tracker/install/turtle_tracker', 'merge_install': False, 'path': '/Users/riftka221/code/upv/EOII/proyROS/src/turtle_tracker', 'symlink_install': True, 'test_result_base': None}[0m
[0.379s] [34mcolcon.colcon_core.executor[0m [1;30mINFO[0m Executing jobs using 'parallel' executor
[0.379s] [34mcolcon.colcon_parallel_executor.executor.parallel[0m [1;30mDEBUG[0m [32mrun_until_complete[0m
[0.380s] [34mcolcon.colcon_ros.task.catkin.build[0m [1;30mINFO[0m Building ROS package in '/Users/riftka221/code/upv/EOII/proyROS/src/turtle_tracker' with build type 'catkin'
[0.380s] [34mcolcon.colcon_cmake.task.cmake.build[0m [1;30mINFO[0m Building CMake package in '/Users/riftka221/code/upv/EOII/proyROS/src/turtle_tracker'
[0.382s] [34mcolcon.colcon_core.plugin_system[0m [1;30mINFO[0m Skipping extension 'colcon_core.shell.bat': Not used on non-Windows systems
[0.382s] [34mcolcon.colcon_core.shell[0m [1;30mINFO[0m Skip shell extension 'powershell' for command environment: Not usable outside of PowerShell
[0.382s] [34mcolcon.colcon_core.shell[0m [1;30mDEBUG[0m [32mSkip shell extension 'dsv' for command environment[0m
[0.411s] [34mcolcon.colcon_core.event_handler.log_command[0m [1;30mDEBUG[0m [32mInvoking command in '/Users/riftka221/code/upv/EOII/proyROS/src/turtle_tracker/build/turtle_tracker': CONDA_PROMPT_MODIFIER=(ros_env) SHLVL=2 _=/Users/riftka221/.local/share/mamba/envs/ros_env/bin/env /Users/riftka221/.local/share/mamba/envs/ros_env/bin/cmake /Users/riftka221/code/upv/EOII/proyROS/src/turtle_tracker -DPython_EXECUTABLE=/Users/riftka221/.local/share/mamba/envs/ros_env/bin/python3 -DPython_INCLUDE_DIRS=/Users/riftka221/.local/share/mamba/envs/ros_env/include/python3.11 -DPython_LIBRARY=/Users/riftka221/.local/share/mamba/envs/ros_env/lib/libpython3.11.dylib -DPython_NumPy_INCLUDE_DIRS=/Users/riftka221/.local/share/mamba/envs/ros_env/lib/python3.11/site-packages/numpy/_core/include -DPython3_EXECUTABLE=/Users/riftka221/.local/share/mamba/envs/ros_env/bin/python3 -DPython3_INCLUDE_DIR=/Users/riftka221/.local/share/mamba/envs/ros_env/include/python3.11 -DPython3_LIBRARY=/Users/riftka221/.local/share/mamba/envs/ros_env/lib/libpython3.11.dylib -DCATKIN_INSTALL_INTO_PREFIX_ROOT=0 -DCATKIN_SYMLINK_INSTALL=ON -DCMAKE_INSTALL_PREFIX=/Users/riftka221/code/upv/EOII/proyROS/src/turtle_tracker/install/turtle_tracker[0m
[4.408s] [34mcolcon.colcon_core.event_handler.log_command[0m [1;30mDEBUG[0m [32mInvoked command in '/Users/riftka221/code/upv/EOII/proyROS/src/turtle_tracker/build/turtle_tracker' returned '1': CONDA_PROMPT_MODIFIER=(ros_env) SHLVL=2 _=/Users/riftka221/.local/share/mamba/envs/ros_env/bin/env /Users/riftka221/.local/share/mamba/envs/ros_env/bin/cmake /Users/riftka221/code/upv/EOII/proyROS/src/turtle_tracker -DPython_EXECUTABLE=/Users/riftka221/.local/share/mamba/envs/ros_env/bin/python3 -DPython_INCLUDE_DIRS=/Users/riftka221/.local/share/mamba/envs/ros_env/include/python3.11 -DPython_LIBRARY=/Users/riftka221/.local/share/mamba/envs/ros_env/lib/libpython3.11.dylib -DPython_NumPy_INCLUDE_DIRS=/Users/riftka221/.local/share/mamba/envs/ros_env/lib/python3.11/site-packages/numpy/_core/include -DPython3_EXECUTABLE=/Users/riftka221/.local/share/mamba/envs/ros_env/bin/python3 -DPython3_INCLUDE_DIR=/Users/riftka221/.local/share/mamba/envs/ros_env/include/python3.11 -DPython3_LIBRARY=/Users/riftka221/.local/share/mamba/envs/ros_env/lib/libpython3.11.dylib -DCATKIN_INSTALL_INTO_PREFIX_ROOT=0 -DCATKIN_SYMLINK_INSTALL=ON -DCMAKE_INSTALL_PREFIX=/Users/riftka221/code/upv/EOII/proyROS/src/turtle_tracker/install/turtle_tracker[0m
[4.430s] [34mcolcon.colcon_core.environment[0m [1;30mLevel 1[0m create_environment_scripts_only(turtle_tracker)
[4.434s] [34mcolcon.colcon_core.environment[0m [1;30mLevel 1[0m checking '/Users/riftka221/code/upv/EOII/proyROS/src/turtle_tracker/install/turtle_tracker' for CMake module files
[4.434s] [34mcolcon.colcon_core.environment[0m [1;30mLevel 1[0m checking '/Users/riftka221/code/upv/EOII/proyROS/src/turtle_tracker/install/turtle_tracker' for CMake config files
[4.434s] [34mcolcon.colcon_core.environment[0m [1;30mLevel 1[0m checking '/Users/riftka221/code/upv/EOII/proyROS/src/turtle_tracker/install/turtle_tracker/lib'
[4.434s] [34mcolcon.colcon_core.environment[0m [1;30mLevel 1[0m checking '/Users/riftka221/code/upv/EOII/proyROS/src/turtle_tracker/install/turtle_tracker/bin'
[4.434s] [34mcolcon.colcon_core.environment[0m [1;30mLevel 1[0m checking '/Users/riftka221/code/upv/EOII/proyROS/src/turtle_tracker/install/turtle_tracker/lib/pkgconfig/turtle_tracker.pc'
[4.434s] [34mcolcon.colcon_core.environment[0m [1;30mLevel 1[0m checking '/Users/riftka221/code/upv/EOII/proyROS/src/turtle_tracker/install/turtle_tracker/lib/python3.11/site-packages'
[4.435s] [34mcolcon.colcon_core.environment[0m [1;30mLevel 1[0m checking '/Users/riftka221/code/upv/EOII/proyROS/src/turtle_tracker/install/turtle_tracker/bin'
[4.435s] [34mcolcon.colcon_core.shell[0m [1;30mINFO[0m Creating package script '/Users/riftka221/code/upv/EOII/proyROS/src/turtle_tracker/install/turtle_tracker/share/turtle_tracker/package.ps1'
[4.436s] [34mcolcon.colcon_core.shell[0m [1;30mINFO[0m Creating package descriptor '/Users/riftka221/code/upv/EOII/proyROS/src/turtle_tracker/install/turtle_tracker/share/turtle_tracker/package.dsv'
[4.436s] [34mcolcon.colcon_core.shell[0m [1;30mINFO[0m Creating package script '/Users/riftka221/code/upv/EOII/proyROS/src/turtle_tracker/install/turtle_tracker/share/turtle_tracker/package.sh'
[4.437s] [34mcolcon.colcon_core.shell[0m [1;30mINFO[0m Creating package script '/Users/riftka221/code/upv/EOII/proyROS/src/turtle_tracker/install/turtle_tracker/share/turtle_tracker/package.bash'
[4.437s] [34mcolcon.colcon_core.shell[0m [1;30mINFO[0m Creating package script '/Users/riftka221/code/upv/EOII/proyROS/src/turtle_tracker/install/turtle_tracker/share/turtle_tracker/package.zsh'
[4.438s] [34mcolcon.colcon_core.environment[0m [1;30mLevel 1[0m create_file_with_runtime_dependencies(/Users/riftka221/code/upv/EOII/proyROS/src/turtle_tracker/install/turtle_tracker/share/colcon-core/packages/turtle_tracker)
[4.439s] [34mcolcon.colcon_parallel_executor.executor.parallel[0m [1;30mDEBUG[0m [32mclosing loop[0m
[4.439s] [34mcolcon.colcon_parallel_executor.executor.parallel[0m [1;30mDEBUG[0m [32mloop closed[0m
[4.439s] [34mcolcon.colcon_parallel_executor.executor.parallel[0m [1;30mDEBUG[0m [32mrun_until_complete finished with '1'[0m
[4.439s] [34mcolcon.colcon_core.event_reactor[0m [1;30mDEBUG[0m [32mjoining thread[0m
[4.439s] [34mcolcon.colcon_core.event_reactor[0m [1;30mDEBUG[0m [32mjoined thread[0m
[4.439s] [34mcolcon.colcon_core.shell[0m [1;30mINFO[0m Creating prefix script '/Users/riftka221/code/upv/EOII/proyROS/src/turtle_tracker/install/local_setup.ps1'
[4.440s] [34mcolcon.colcon_core.shell[0m [1;30mINFO[0m Creating prefix util module '/Users/riftka221/code/upv/EOII/proyROS/src/turtle_tracker/install/_local_setup_util_ps1.py'
[4.441s] [34mcolcon.colcon_core.shell[0m [1;30mINFO[0m Creating prefix chain script '/Users/riftka221/code/upv/EOII/proyROS/src/turtle_tracker/install/setup.ps1'
[4.442s] [34mcolcon.colcon_core.shell[0m [1;30mINFO[0m Creating prefix script '/Users/riftka221/code/upv/EOII/proyROS/src/turtle_tracker/install/local_setup.sh'
[4.442s] [34mcolcon.colcon_core.shell[0m [1;30mINFO[0m Creating prefix util module '/Users/riftka221/code/upv/EOII/proyROS/src/turtle_tracker/install/_local_setup_util_sh.py'
[4.443s] [34mcolcon.colcon_core.shell[0m [1;30mINFO[0m Creating prefix chain script '/Users/riftka221/code/upv/EOII/proyROS/src/turtle_tracker/install/setup.sh'
[4.444s] [34mcolcon.colcon_core.shell[0m [1;30mINFO[0m Creating prefix script '/Users/riftka221/code/upv/EOII/proyROS/src/turtle_tracker/install/local_setup.bash'
[4.444s] [34mcolcon.colcon_core.shell[0m [1;30mINFO[0m Creating prefix chain script '/Users/riftka221/code/upv/EOII/proyROS/src/turtle_tracker/install/setup.bash'
[4.445s] [34mcolcon.colcon_core.shell[0m [1;30mINFO[0m Creating prefix script '/Users/riftka221/code/upv/EOII/proyROS/src/turtle_tracker/install/local_setup.zsh'
[4.445s] [34mcolcon.colcon_core.shell[0m [1;30mINFO[0m Creating prefix chain script '/Users/riftka221/code/upv/EOII/proyROS/src/turtle_tracker/install/setup.zsh'
