[0.025s] Invoking command in '/Users/riftka221/code/upv/EOII/proyROS/build/turtle_tracker': CONDA_PROMPT_MODIFIER=(ros_env) SHLVL=2 _=/Users/riftka221/.local/share/mamba/envs/ros_env/bin/env /Users/riftka221/.local/share/mamba/envs/ros_env/bin/cmake /Users/riftka221/code/upv/EOII/proyROS/src/turtle_tracker -DCATKIN_INSTALL_INTO_PREFIX_ROOT=0 -DCMAKE_INSTALL_PREFIX=/Users/riftka221/code/upv/EOII/proyROS/install/turtle_tracker
[0.086s] CMake Deprecation Warning at CMakeLists.txt:1 (cmake_minimum_required):
[0.086s]   Compatibility with CMake < 3.10 will be removed from a future version of
[0.086s]   CMake.
[0.086s] 
[0.086s]   Update the VERSION argument <min> value.  Or, use the <min>...<max> syntax
[0.086s]   to tell CMake that the project requires at least <min> but has been updated
[0.086s]   to work with policies introduced by <max> or earlier.
[0.086s] 
[0.086s] 
[0.159s] -- Found ament_cmake: 1.3.12 (/Users/riftka221/.local/share/mamba/envs/ros_env/share/ament_cmake/cmake)
[0.489s] -- Configuring done (0.4s)
[0.511s] -- Generating done (0.0s)
[0.517s] -- Build files have been written to: /Users/riftka221/code/upv/EOII/proyROS/build/turtle_tracker
[0.520s] Invoked command in '/Users/riftka221/code/upv/EOII/proyROS/build/turtle_tracker' returned '0': CONDA_PROMPT_MODIFIER=(ros_env) SHLVL=2 _=/Users/riftka221/.local/share/mamba/envs/ros_env/bin/env /Users/riftka221/.local/share/mamba/envs/ros_env/bin/cmake /Users/riftka221/code/upv/EOII/proyROS/src/turtle_tracker -DCATKIN_INSTALL_INTO_PREFIX_ROOT=0 -DCMAKE_INSTALL_PREFIX=/Users/riftka221/code/upv/EOII/proyROS/install/turtle_tracker
[0.522s] Invoking command in '/Users/riftka221/code/upv/EOII/proyROS/build/turtle_tracker': CONDA_PROMPT_MODIFIER=(ros_env) SHLVL=2 _=/Users/riftka221/.local/share/mamba/envs/ros_env/bin/env /Users/riftka221/.local/share/mamba/envs/ros_env/bin/cmake --build /Users/riftka221/code/upv/EOII/proyROS/build/turtle_tracker -- -j8 -l8
[0.645s] Built target ament_cmake_python_copy_turtle_tracker_setup
[0.647s] Built target ament_cmake_python_copy_turtle_tracker
[0.828s] running egg_info
[0.836s] writing turtle_tracker.egg-info/PKG-INFO
[0.837s] writing dependency_links to turtle_tracker.egg-info/dependency_links.txt
[0.837s] writing top-level names to turtle_tracker.egg-info/top_level.txt
[0.861s] reading manifest file 'turtle_tracker.egg-info/SOURCES.txt'
[0.862s] writing manifest file 'turtle_tracker.egg-info/SOURCES.txt'
[0.891s] Built target ament_cmake_python_build_turtle_tracker_egg
[0.905s] Invoked command in '/Users/riftka221/code/upv/EOII/proyROS/build/turtle_tracker' returned '0': CONDA_PROMPT_MODIFIER=(ros_env) SHLVL=2 _=/Users/riftka221/.local/share/mamba/envs/ros_env/bin/env /Users/riftka221/.local/share/mamba/envs/ros_env/bin/cmake --build /Users/riftka221/code/upv/EOII/proyROS/build/turtle_tracker -- -j8 -l8
[0.922s] Invoking command in '/Users/riftka221/code/upv/EOII/proyROS/build/turtle_tracker': CONDA_PROMPT_MODIFIER=(ros_env) SHLVL=2 _=/Users/riftka221/.local/share/mamba/envs/ros_env/bin/env /Users/riftka221/.local/share/mamba/envs/ros_env/bin/cmake --install /Users/riftka221/code/upv/EOII/proyROS/build/turtle_tracker
[0.935s] -- Install configuration: ""
[0.935s] -- Up-to-date: /Users/riftka221/code/upv/EOII/proyROS/install/turtle_tracker/share/turtle_tracker/environment/pythonpath.sh
[0.935s] -- Installing: /Users/riftka221/code/upv/EOII/proyROS/install/turtle_tracker/share/turtle_tracker/environment/pythonpath.dsv
[0.935s] -- Up-to-date: /Users/riftka221/code/upv/EOII/proyROS/install/turtle_tracker/lib/python3.11/site-packages/turtle_tracker-0.1.0-py3.11.egg-info
[0.936s] -- Installing: /Users/riftka221/code/upv/EOII/proyROS/install/turtle_tracker/lib/python3.11/site-packages/turtle_tracker-0.1.0-py3.11.egg-info/PKG-INFO
[0.936s] -- Installing: /Users/riftka221/code/upv/EOII/proyROS/install/turtle_tracker/lib/python3.11/site-packages/turtle_tracker-0.1.0-py3.11.egg-info/SOURCES.txt
[0.936s] -- Installing: /Users/riftka221/code/upv/EOII/proyROS/install/turtle_tracker/lib/python3.11/site-packages/turtle_tracker-0.1.0-py3.11.egg-info/top_level.txt
[0.937s] -- Installing: /Users/riftka221/code/upv/EOII/proyROS/install/turtle_tracker/lib/python3.11/site-packages/turtle_tracker-0.1.0-py3.11.egg-info/dependency_links.txt
[0.937s] -- Up-to-date: /Users/riftka221/code/upv/EOII/proyROS/install/turtle_tracker/lib/python3.11/site-packages/turtle_tracker
[0.937s] -- Up-to-date: /Users/riftka221/code/upv/EOII/proyROS/install/turtle_tracker/lib/python3.11/site-packages/turtle_tracker/turtle_info_action_client
[0.937s] -- Up-to-date: /Users/riftka221/code/upv/EOII/proyROS/install/turtle_tracker/lib/python3.11/site-packages/turtle_tracker/spawn_explorer
[0.937s] -- Up-to-date: /Users/riftka221/code/upv/EOII/proyROS/install/turtle_tracker/lib/python3.11/site-packages/turtle_tracker/state_server
[0.937s] -- Up-to-date: /Users/riftka221/code/upv/EOII/proyROS/install/turtle_tracker/lib/python3.11/site-packages/turtle_tracker/spawn_explorer.py
[0.937s] -- Up-to-date: /Users/riftka221/code/upv/EOII/proyROS/install/turtle_tracker/lib/python3.11/site-packages/turtle_tracker/turtle_info_client.py
[0.937s] -- Up-to-date: /Users/riftka221/code/upv/EOII/proyROS/install/turtle_tracker/lib/python3.11/site-packages/turtle_tracker/__init__.py
[0.937s] -- Up-to-date: /Users/riftka221/code/upv/EOII/proyROS/install/turtle_tracker/lib/python3.11/site-packages/turtle_tracker/state_server.py
[0.937s] -- Up-to-date: /Users/riftka221/code/upv/EOII/proyROS/install/turtle_tracker/lib/python3.11/site-packages/turtle_tracker/explorer_follower.py
[0.937s] -- Up-to-date: /Users/riftka221/code/upv/EOII/proyROS/install/turtle_tracker/lib/python3.11/site-packages/turtle_tracker/turtle_info_action_client.py
[0.937s] -- Up-to-date: /Users/riftka221/code/upv/EOII/proyROS/install/turtle_tracker/lib/python3.11/site-packages/turtle_tracker/explorer_follower
[0.937s] -- Up-to-date: /Users/riftka221/code/upv/EOII/proyROS/install/turtle_tracker/lib/python3.11/site-packages/turtle_tracker/turtle_info_client
[0.962s] Listing 'lib/python3.11/site-packages/turtle_tracker'...
[0.962s] Can't list 'lib/python3.11/site-packages/turtle_tracker'
[0.965s] -- Up-to-date: /Users/riftka221/code/upv/EOII/proyROS/install/turtle_tracker/share/turtle_tracker/launch
[0.965s] -- Up-to-date: /Users/riftka221/code/upv/EOII/proyROS/install/turtle_tracker/share/turtle_tracker/launch/turtle_tracker_launch.xml
[0.966s] -- Up-to-date: /Users/riftka221/code/upv/EOII/proyROS/install/turtle_tracker/lib/turtle_tracker/spawn_explorer
[0.966s] -- Up-to-date: /Users/riftka221/code/upv/EOII/proyROS/install/turtle_tracker/lib/turtle_tracker/explorer_follower
[0.966s] -- Up-to-date: /Users/riftka221/code/upv/EOII/proyROS/install/turtle_tracker/lib/turtle_tracker/state_server
[0.966s] -- Up-to-date: /Users/riftka221/code/upv/EOII/proyROS/install/turtle_tracker/lib/turtle_tracker/turtle_info_client
[0.966s] -- Up-to-date: /Users/riftka221/code/upv/EOII/proyROS/install/turtle_tracker/lib/turtle_tracker/turtle_info_action_client
[0.966s] -- Up-to-date: /Users/riftka221/code/upv/EOII/proyROS/install/turtle_tracker/share/ament_index/resource_index/package_run_dependencies/turtle_tracker
[0.966s] -- Installing: /Users/riftka221/code/upv/EOII/proyROS/install/turtle_tracker/share/ament_index/resource_index/parent_prefix_path/turtle_tracker
[0.966s] -- Up-to-date: /Users/riftka221/code/upv/EOII/proyROS/install/turtle_tracker/share/turtle_tracker/environment/ament_prefix_path.sh
[0.966s] -- Installing: /Users/riftka221/code/upv/EOII/proyROS/install/turtle_tracker/share/turtle_tracker/environment/ament_prefix_path.dsv
[0.967s] -- Up-to-date: /Users/riftka221/code/upv/EOII/proyROS/install/turtle_tracker/share/turtle_tracker/environment/path.sh
[0.967s] -- Installing: /Users/riftka221/code/upv/EOII/proyROS/install/turtle_tracker/share/turtle_tracker/environment/path.dsv
[0.967s] -- Up-to-date: /Users/riftka221/code/upv/EOII/proyROS/install/turtle_tracker/share/turtle_tracker/local_setup.bash
[0.967s] -- Up-to-date: /Users/riftka221/code/upv/EOII/proyROS/install/turtle_tracker/share/turtle_tracker/local_setup.sh
[0.967s] -- Up-to-date: /Users/riftka221/code/upv/EOII/proyROS/install/turtle_tracker/share/turtle_tracker/local_setup.zsh
[0.967s] -- Installing: /Users/riftka221/code/upv/EOII/proyROS/install/turtle_tracker/share/turtle_tracker/local_setup.dsv
[0.968s] -- Installing: /Users/riftka221/code/upv/EOII/proyROS/install/turtle_tracker/share/turtle_tracker/package.dsv
[0.968s] -- Up-to-date: /Users/riftka221/code/upv/EOII/proyROS/install/turtle_tracker/share/ament_index/resource_index/packages/turtle_tracker
[0.968s] -- Up-to-date: /Users/riftka221/code/upv/EOII/proyROS/install/turtle_tracker/share/turtle_tracker/cmake/turtle_trackerConfig.cmake
[0.968s] -- Up-to-date: /Users/riftka221/code/upv/EOII/proyROS/install/turtle_tracker/share/turtle_tracker/cmake/turtle_trackerConfig-version.cmake
[0.968s] -- Up-to-date: /Users/riftka221/code/upv/EOII/proyROS/install/turtle_tracker/share/turtle_tracker/package.xml
[0.969s] Invoked command in '/Users/riftka221/code/upv/EOII/proyROS/build/turtle_tracker' returned '0': CONDA_PROMPT_MODIFIER=(ros_env) SHLVL=2 _=/Users/riftka221/.local/share/mamba/envs/ros_env/bin/env /Users/riftka221/.local/share/mamba/envs/ros_env/bin/cmake --install /Users/riftka221/code/upv/EOII/proyROS/build/turtle_tracker
